生成启动时间为 2017/6/27 9:16:04。
     1>项目“D:\work_space_1013_light\maniplattorExtend\maniplattorExtend\maniplattorExtend.vcxproj”在节点 2 上(Rebuild 个目标)。
     1>ClCompile:
         C:\Program Files (x86)\Microsoft Visual Studio 12.0\VC\bin\CL.exe /c /ZI /nologo /W3 /WX- /sdl /Od /Oy- /D WIN32 /D _DEBUG /D _CONSOLE /D _LIB /D _CRT_SECURE_NO_WARNINGS /D _UNICODE /D UNICODE /D _AFXDLL /Gm /EHsc /RTC1 /MDd /GS /fp:precise /Zc:wchar_t /Zc:forScope /Yc"stdafx.h" /Fp"Debug\maniplattorExtend.pch" /Fo"Debug\\" /Fd"Debug\vc120.pdb" /Gd /TP /analyze- /errorReport:prompt stdafx.cpp
         stdafx.cpp
         C:\Program Files (x86)\Microsoft Visual Studio 12.0\VC\bin\CL.exe /c /ZI /nologo /W3 /WX- /sdl /Od /Oy- /D WIN32 /D _DEBUG /D _CONSOLE /D _LIB /D _CRT_SECURE_NO_WARNINGS /D _UNICODE /D UNICODE /D _AFXDLL /Gm /EHsc /RTC1 /MDd /GS /fp:precise /Zc:wchar_t /Zc:forScope /Yu"stdafx.h" /Fp"Debug\maniplattorExtend.pch" /Fo"Debug\\" /Fd"Debug\vc120.pdb" /Gd /TP /analyze- /errorReport:prompt maniplattorExtend.cpp MotionControl\Clone\DIAControl_Clone.cpp MotionControl\UDP_Export.cpp
         UDP_Export.cpp
     1>d:\work_space_1013_light\maniplattorextend\maniplattorextend\motioncontrol\udp_export.cpp(58): warning C4309: “=”: 截断常量值
     1>d:\work_space_1013_light\maniplattorextend\maniplattorextend\motioncontrol\udp_export.cpp(59): warning C4309: “=”: 截断常量值
         DIAControl_Clone.cpp
     1>d:\work_space_1013_light\maniplattorextend\maniplattorextend\motioncontrol\clone\diacontrol_clone.cpp(164): warning C4101: “data32”: 未引用的局部变量
     1>d:\work_space_1013_light\maniplattorextend\maniplattorextend\motioncontrol\clone\diacontrol_clone.cpp(165): warning C4101: “i”: 未引用的局部变量
     1>d:\work_space_1013_light\maniplattorextend\maniplattorextend\motioncontrol\clone\diacontrol_clone.cpp(1031): warning C4244: “=”: 从“int”转换到“float”，可能丢失数据
     1>d:\work_space_1013_light\maniplattorextend\maniplattorextend\motioncontrol\clone\diacontrol_clone.cpp(1284): warning C4805: “==”: 在操作中将类型“Uint8”与类型“bool”混合不安全
     1>d:\work_space_1013_light\maniplattorextend\maniplattorextend\motioncontrol\clone\diacontrol_clone.cpp(873): warning C4101: “zvalue”: 未引用的局部变量
     1>d:\work_space_1013_light\maniplattorextend\maniplattorextend\motioncontrol\clone\diacontrol_clone.cpp(873): warning C4101: “xvalue”: 未引用的局部变量
     1>d:\work_space_1013_light\maniplattorextend\maniplattorextend\motioncontrol\clone\diacontrol_clone.cpp(876): warning C4101: “i”: 未引用的局部变量
     1>d:\work_space_1013_light\maniplattorextend\maniplattorextend\motioncontrol\clone\diacontrol_clone.cpp(873): warning C4101: “yvalue”: 未引用的局部变量
     1>d:\work_space_1013_light\maniplattorextend\maniplattorextend\motioncontrol\clone\diacontrol_clone.cpp(1662): warning C4805: “==”: 在操作中将类型“Uint8”与类型“bool”混合不安全
     1>d:\work_space_1013_light\maniplattorextend\maniplattorextend\motioncontrol\clone\diacontrol_clone.cpp(1682): warning C4244: “=”: 从“double”转换到“Int32”，可能丢失数据
     1>d:\work_space_1013_light\maniplattorextend\maniplattorextend\motioncontrol\clone\diacontrol_clone.cpp(1686): warning C4244: “=”: 从“double”转换到“unsigned int”，可能丢失数据
     1>d:\work_space_1013_light\maniplattorextend\maniplattorextend\motioncontrol\clone\diacontrol_clone.cpp(1690): warning C4244: “=”: 从“double”转换到“unsigned int”，可能丢失数据
     1>d:\work_space_1013_light\maniplattorextend\maniplattorextend\motioncontrol\clone\diacontrol_clone.cpp(1695): warning C4805: “==”: 在操作中将类型“Uint16”与类型“bool”混合不安全
     1>d:\work_space_1013_light\maniplattorextend\maniplattorextend\motioncontrol\clone\diacontrol_clone.cpp(1700): warning C4805: “==”: 在操作中将类型“Uint8”与类型“bool”混合不安全
     1>d:\work_space_1013_light\maniplattorextend\maniplattorextend\motioncontrol\clone\diacontrol_clone.cpp(1705): warning C4805: “==”: 在操作中将类型“Uint8”与类型“bool”混合不安全
     1>d:\work_space_1013_light\maniplattorextend\maniplattorextend\motioncontrol\clone\diacontrol_clone.cpp(1710): warning C4805: “==”: 在操作中将类型“Uint8”与类型“bool”混合不安全
     1>d:\work_space_1013_light\maniplattorextend\maniplattorextend\motioncontrol\clone\diacontrol_clone.cpp(1731): warning C4805: “==”: 在操作中将类型“Uint8”与类型“bool”混合不安全
     1>d:\work_space_1013_light\maniplattorextend\maniplattorextend\motioncontrol\clone\diacontrol_clone.cpp(1736): warning C4805: “==”: 在操作中将类型“Uint8”与类型“bool”混合不安全
     1>d:\work_space_1013_light\maniplattorextend\maniplattorextend\motioncontrol\clone\diacontrol_clone.cpp(1741): warning C4805: “==”: 在操作中将类型“Uint8”与类型“bool”混合不安全
     1>d:\work_space_1013_light\maniplattorextend\maniplattorextend\motioncontrol\clone\diacontrol_clone.cpp(1746): warning C4805: “==”: 在操作中将类型“Uint8”与类型“bool”混合不安全
     1>d:\work_space_1013_light\maniplattorextend\maniplattorextend\motioncontrol\clone\diacontrol_clone.cpp(1857): warning C4805: “==”: 在操作中将类型“Uint16”与类型“bool”混合不安全
     1>d:\work_space_1013_light\maniplattorextend\maniplattorextend\motioncontrol\clone\diacontrol_clone.cpp(1891): warning C4018: “<=”: 有符号/无符号不匹配
     1>d:\work_space_1013_light\maniplattorextend\maniplattorextend\motioncontrol\clone\diacontrol_clone.cpp(1977): warning C4244: “=”: 从“float64”转换到“Int32”，可能丢失数据
     1>d:\work_space_1013_light\maniplattorextend\maniplattorextend\motioncontrol\clone\diacontrol_clone.cpp(1979): warning C4244: “=”: 从“float64”转换到“Int32”，可能丢失数据
     1>d:\work_space_1013_light\maniplattorextend\maniplattorextend\motioncontrol\clone\diacontrol_clone.cpp(2032): warning C4244: “=”: 从“float64”转换到“Int32”，可能丢失数据
     1>d:\work_space_1013_light\maniplattorextend\maniplattorextend\motioncontrol\clone\diacontrol_clone.cpp(2033): warning C4244: “=”: 从“float64”转换到“Int32”，可能丢失数据
     1>d:\work_space_1013_light\maniplattorextend\maniplattorextend\motioncontrol\clone\diacontrol_clone.cpp(2034): warning C4244: “=”: 从“float64”转换到“Int32”，可能丢失数据
     1>d:\work_space_1013_light\maniplattorextend\maniplattorextend\motioncontrol\clone\diacontrol_clone.cpp(2035): warning C4244: “=”: 从“float64”转换到“Int32”，可能丢失数据
     1>d:\work_space_1013_light\maniplattorextend\maniplattorextend\motioncontrol\clone\diacontrol_clone.cpp(2038): warning C4244: “=”: 从“float64”转换到“Int32”，可能丢失数据
     1>d:\work_space_1013_light\maniplattorextend\maniplattorextend\motioncontrol\clone\diacontrol_clone.cpp(2039): warning C4244: “=”: 从“float64”转换到“Int32”，可能丢失数据
     1>d:\work_space_1013_light\maniplattorextend\maniplattorextend\motioncontrol\clone\diacontrol_clone.cpp(2040): warning C4244: “=”: 从“float64”转换到“Int32”，可能丢失数据
     1>d:\work_space_1013_light\maniplattorextend\maniplattorextend\motioncontrol\clone\diacontrol_clone.cpp(2041): warning C4244: “=”: 从“float64”转换到“Int32”，可能丢失数据
     1>d:\work_space_1013_light\maniplattorextend\maniplattorextend\motioncontrol\clone\diacontrol_clone.cpp(2042): warning C4244: “=”: 从“float64”转换到“Int32”，可能丢失数据
     1>d:\work_space_1013_light\maniplattorextend\maniplattorextend\motioncontrol\clone\diacontrol_clone.cpp(2043): warning C4244: “=”: 从“float64”转换到“Int32”，可能丢失数据
     1>d:\work_space_1013_light\maniplattorextend\maniplattorextend\motioncontrol\clone\diacontrol_clone.cpp(2044): warning C4244: “=”: 从“float64”转换到“Int32”，可能丢失数据
     1>d:\work_space_1013_light\maniplattorextend\maniplattorextend\motioncontrol\clone\diacontrol_clone.cpp(2045): warning C4244: “=”: 从“float64”转换到“Int32”，可能丢失数据
     1>d:\work_space_1013_light\maniplattorextend\maniplattorextend\motioncontrol\clone\diacontrol_clone.cpp(2046): warning C4244: “=”: 从“float64”转换到“Int32”，可能丢失数据
     1>d:\work_space_1013_light\maniplattorextend\maniplattorextend\motioncontrol\clone\diacontrol_clone.cpp(2047): warning C4244: “=”: 从“float64”转换到“Int32”，可能丢失数据
     1>d:\work_space_1013_light\maniplattorextend\maniplattorextend\motioncontrol\clone\diacontrol_clone.cpp(2361): warning C4244: “=”: 从“float64”转换到“Int32”，可能丢失数据
     1>d:\work_space_1013_light\maniplattorextend\maniplattorextend\motioncontrol\clone\diacontrol_clone.cpp(2362): warning C4244: “=”: 从“float64”转换到“Int32”，可能丢失数据
     1>d:\work_space_1013_light\maniplattorextend\maniplattorextend\motioncontrol\clone\diacontrol_clone.cpp(2363): warning C4244: “=”: 从“float64”转换到“Int32”，可能丢失数据
     1>d:\work_space_1013_light\maniplattorextend\maniplattorextend\motioncontrol\clone\diacontrol_clone.cpp(2364): warning C4244: “=”: 从“float64”转换到“Int32”，可能丢失数据
     1>d:\work_space_1013_light\maniplattorextend\maniplattorextend\motioncontrol\clone\diacontrol_clone.cpp(2365): warning C4244: “=”: 从“float64”转换到“Int32”，可能丢失数据
     1>d:\work_space_1013_light\maniplattorextend\maniplattorextend\motioncontrol\clone\diacontrol_clone.cpp(2366): warning C4244: “=”: 从“float64”转换到“Int32”，可能丢失数据
     1>d:\work_space_1013_light\maniplattorextend\maniplattorextend\motioncontrol\clone\diacontrol_clone.cpp(2367): warning C4244: “=”: 从“float64”转换到“Int32”，可能丢失数据
     1>d:\work_space_1013_light\maniplattorextend\maniplattorextend\motioncontrol\clone\diacontrol_clone.cpp(2368): warning C4244: “=”: 从“float64”转换到“Int32”，可能丢失数据
     1>d:\work_space_1013_light\maniplattorextend\maniplattorextend\motioncontrol\clone\diacontrol_clone.cpp(2369): warning C4244: “=”: 从“float64”转换到“Int32”，可能丢失数据
     1>d:\work_space_1013_light\maniplattorextend\maniplattorextend\motioncontrol\clone\diacontrol_clone.cpp(2370): warning C4244: “=”: 从“float64”转换到“Int32”，可能丢失数据
     1>d:\work_space_1013_light\maniplattorextend\maniplattorextend\motioncontrol\clone\diacontrol_clone.cpp(2371): warning C4244: “=”: 从“float64”转换到“Int32”，可能丢失数据
     1>d:\work_space_1013_light\maniplattorextend\maniplattorextend\motioncontrol\clone\diacontrol_clone.cpp(2372): warning C4244: “=”: 从“float64”转换到“Int32”，可能丢失数据
     1>d:\work_space_1013_light\maniplattorextend\maniplattorextend\motioncontrol\clone\diacontrol_clone.cpp(2373): warning C4244: “=”: 从“float64”转换到“Int32”，可能丢失数据
     1>d:\work_space_1013_light\maniplattorextend\maniplattorextend\motioncontrol\clone\diacontrol_clone.cpp(2374): warning C4244: “=”: 从“float64”转换到“Int32”，可能丢失数据
     1>d:\work_space_1013_light\maniplattorextend\maniplattorextend\motioncontrol\clone\diacontrol_clone.cpp(2375): warning C4244: “=”: 从“float64”转换到“Int32”，可能丢失数据
     1>d:\work_space_1013_light\maniplattorextend\maniplattorextend\motioncontrol\clone\diacontrol_clone.cpp(2376): warning C4244: “=”: 从“float64”转换到“Int32”，可能丢失数据
     1>d:\work_space_1013_light\maniplattorextend\maniplattorextend\motioncontrol\clone\diacontrol_clone.cpp(2377): warning C4244: “=”: 从“float64”转换到“Int32”，可能丢失数据
     1>d:\work_space_1013_light\maniplattorextend\maniplattorextend\motioncontrol\clone\diacontrol_clone.cpp(2378): warning C4244: “=”: 从“float64”转换到“Int32”，可能丢失数据
     1>d:\work_space_1013_light\maniplattorextend\maniplattorextend\motioncontrol\clone\diacontrol_clone.cpp(2379): warning C4244: “=”: 从“float64”转换到“Int32”，可能丢失数据
     1>d:\work_space_1013_light\maniplattorextend\maniplattorextend\motioncontrol\clone\diacontrol_clone.cpp(2380): warning C4244: “=”: 从“float64”转换到“Int32”，可能丢失数据
     1>d:\work_space_1013_light\maniplattorextend\maniplattorextend\motioncontrol\clone\diacontrol_clone.cpp(2381): warning C4244: “=”: 从“float64”转换到“Int32”，可能丢失数据
     1>d:\work_space_1013_light\maniplattorextend\maniplattorextend\motioncontrol\clone\diacontrol_clone.cpp(2382): warning C4244: “=”: 从“float64”转换到“Int32”，可能丢失数据
     1>d:\work_space_1013_light\maniplattorextend\maniplattorextend\motioncontrol\clone\diacontrol_clone.cpp(2383): warning C4244: “=”: 从“float64”转换到“Int32”，可能丢失数据
     1>d:\work_space_1013_light\maniplattorextend\maniplattorextend\motioncontrol\clone\diacontrol_clone.cpp(2384): warning C4244: “=”: 从“float64”转换到“Int32”，可能丢失数据
     1>d:\work_space_1013_light\maniplattorextend\maniplattorextend\motioncontrol\clone\diacontrol_clone.cpp(2385): warning C4244: “=”: 从“float64”转换到“Int32”，可能丢失数据
     1>d:\work_space_1013_light\maniplattorextend\maniplattorextend\motioncontrol\clone\diacontrol_clone.cpp(2387): warning C4244: “=”: 从“float64”转换到“Int32”，可能丢失数据
     1>d:\work_space_1013_light\maniplattorextend\maniplattorextend\motioncontrol\clone\diacontrol_clone.cpp(2388): warning C4244: “=”: 从“float64”转换到“Int32”，可能丢失数据
     1>d:\work_space_1013_light\maniplattorextend\maniplattorextend\motioncontrol\clone\diacontrol_clone.cpp(2389): warning C4244: “=”: 从“float64”转换到“Int32”，可能丢失数据
     1>d:\work_space_1013_light\maniplattorextend\maniplattorextend\motioncontrol\clone\diacontrol_clone.cpp(2390): warning C4244: “=”: 从“float64”转换到“Int32”，可能丢失数据
     1>d:\work_space_1013_light\maniplattorextend\maniplattorextend\motioncontrol\clone\diacontrol_clone.cpp(2391): warning C4244: “=”: 从“float64”转换到“Int32”，可能丢失数据
     1>d:\work_space_1013_light\maniplattorextend\maniplattorextend\motioncontrol\clone\diacontrol_clone.cpp(2392): warning C4244: “=”: 从“float64”转换到“Int32”，可能丢失数据
     1>d:\work_space_1013_light\maniplattorextend\maniplattorextend\motioncontrol\clone\diacontrol_clone.cpp(2393): warning C4244: “=”: 从“float64”转换到“Int32”，可能丢失数据
     1>d:\work_space_1013_light\maniplattorextend\maniplattorextend\motioncontrol\clone\diacontrol_clone.cpp(2394): warning C4244: “=”: 从“float64”转换到“Int32”，可能丢失数据
     1>d:\work_space_1013_light\maniplattorextend\maniplattorextend\motioncontrol\clone\diacontrol_clone.cpp(2395): warning C4244: “=”: 从“float64”转换到“Int32”，可能丢失数据
     1>d:\work_space_1013_light\maniplattorextend\maniplattorextend\motioncontrol\clone\diacontrol_clone.cpp(2396): warning C4244: “=”: 从“float64”转换到“Int32”，可能丢失数据
     1>d:\work_space_1013_light\maniplattorextend\maniplattorextend\motioncontrol\clone\diacontrol_clone.cpp(2397): warning C4244: “=”: 从“float64”转换到“Int32”，可能丢失数据
     1>d:\work_space_1013_light\maniplattorextend\maniplattorextend\motioncontrol\clone\diacontrol_clone.cpp(2398): warning C4244: “=”: 从“float64”转换到“Int32”，可能丢失数据
     1>d:\work_space_1013_light\maniplattorextend\maniplattorextend\motioncontrol\clone\diacontrol_clone.cpp(2399): warning C4244: “=”: 从“float64”转换到“Int32”，可能丢失数据
     1>d:\work_space_1013_light\maniplattorextend\maniplattorextend\motioncontrol\clone\diacontrol_clone.cpp(2400): warning C4244: “=”: 从“float64”转换到“Int32”，可能丢失数据
     1>d:\work_space_1013_light\maniplattorextend\maniplattorextend\motioncontrol\clone\diacontrol_clone.cpp(2401): warning C4244: “=”: 从“float64”转换到“Int32”，可能丢失数据
     1>d:\work_space_1013_light\maniplattorextend\maniplattorextend\motioncontrol\clone\diacontrol_clone.cpp(2402): warning C4244: “=”: 从“float64”转换到“Int32”，可能丢失数据
     1>d:\work_space_1013_light\maniplattorextend\maniplattorextend\motioncontrol\clone\diacontrol_clone.cpp(2403): warning C4244: “=”: 从“float64”转换到“Int32”，可能丢失数据
     1>d:\work_space_1013_light\maniplattorextend\maniplattorextend\motioncontrol\clone\diacontrol_clone.cpp(2404): warning C4244: “=”: 从“float64”转换到“Int32”，可能丢失数据
     1>d:\work_space_1013_light\maniplattorextend\maniplattorextend\motioncontrol\clone\diacontrol_clone.cpp(2405): warning C4244: “=”: 从“float64”转换到“Int32”，可能丢失数据
     1>d:\work_space_1013_light\maniplattorextend\maniplattorextend\motioncontrol\clone\diacontrol_clone.cpp(2406): warning C4244: “=”: 从“float64”转换到“Int32”，可能丢失数据
     1>d:\work_space_1013_light\maniplattorextend\maniplattorextend\motioncontrol\clone\diacontrol_clone.cpp(2407): warning C4244: “=”: 从“float64”转换到“Int32”，可能丢失数据
     1>d:\work_space_1013_light\maniplattorextend\maniplattorextend\motioncontrol\clone\diacontrol_clone.cpp(2408): warning C4244: “=”: 从“float64”转换到“Int32”，可能丢失数据
     1>d:\work_space_1013_light\maniplattorextend\maniplattorextend\motioncontrol\clone\diacontrol_clone.cpp(2409): warning C4244: “=”: 从“float64”转换到“Int32”，可能丢失数据
     1>d:\work_space_1013_light\maniplattorextend\maniplattorextend\motioncontrol\clone\diacontrol_clone.cpp(2410): warning C4244: “=”: 从“float64”转换到“Int32”，可能丢失数据
     1>d:\work_space_1013_light\maniplattorextend\maniplattorextend\motioncontrol\clone\diacontrol_clone.cpp(2411): warning C4244: “=”: 从“float64”转换到“Int32”，可能丢失数据
     1>d:\work_space_1013_light\maniplattorextend\maniplattorextend\motioncontrol\clone\diacontrol_clone.cpp(1959): warning C4101: “temp”: 未引用的局部变量
     1>d:\work_space_1013_light\maniplattorextend\maniplattorextend\motioncontrol\clone\diacontrol_clone.cpp(2740): warning C4244: “=”: 从“float64”转换到“Int32”，可能丢失数据
     1>d:\work_space_1013_light\maniplattorextend\maniplattorextend\motioncontrol\clone\diacontrol_clone.cpp(2741): warning C4244: “=”: 从“float64”转换到“Int32”，可能丢失数据
     1>d:\work_space_1013_light\maniplattorextend\maniplattorextend\motioncontrol\clone\diacontrol_clone.cpp(2742): warning C4244: “=”: 从“float64”转换到“Int32”，可能丢失数据
     1>d:\work_space_1013_light\maniplattorextend\maniplattorextend\motioncontrol\clone\diacontrol_clone.cpp(2743): warning C4244: “=”: 从“float64”转换到“Int32”，可能丢失数据
     1>d:\work_space_1013_light\maniplattorextend\maniplattorextend\motioncontrol\clone\diacontrol_clone.cpp(2744): warning C4244: “=”: 从“float64”转换到“Int32”，可能丢失数据
     1>d:\work_space_1013_light\maniplattorextend\maniplattorextend\motioncontrol\clone\diacontrol_clone.cpp(2745): warning C4244: “=”: 从“float64”转换到“Int32”，可能丢失数据
     1>d:\work_space_1013_light\maniplattorextend\maniplattorextend\motioncontrol\clone\diacontrol_clone.cpp(2746): warning C4244: “=”: 从“float64”转换到“Int32”，可能丢失数据
     1>d:\work_space_1013_light\maniplattorextend\maniplattorextend\motioncontrol\clone\diacontrol_clone.cpp(2747): warning C4244: “=”: 从“float64”转换到“Int32”，可能丢失数据
     1>d:\work_space_1013_light\maniplattorextend\maniplattorextend\motioncontrol\clone\diacontrol_clone.cpp(2748): warning C4244: “=”: 从“float64”转换到“Int32”，可能丢失数据
     1>d:\work_space_1013_light\maniplattorextend\maniplattorextend\motioncontrol\clone\diacontrol_clone.cpp(2749): warning C4244: “=”: 从“float64”转换到“Int32”，可能丢失数据
     1>d:\work_space_1013_light\maniplattorextend\maniplattorextend\motioncontrol\clone\diacontrol_clone.cpp(2750): warning C4244: “=”: 从“float64”转换到“Int32”，可能丢失数据
     1>d:\work_space_1013_light\maniplattorextend\maniplattorextend\motioncontrol\clone\diacontrol_clone.cpp(2751): warning C4244: “=”: 从“float64”转换到“Int32”，可能丢失数据
     1>d:\work_space_1013_light\maniplattorextend\maniplattorextend\motioncontrol\clone\diacontrol_clone.cpp(2752): warning C4244: “=”: 从“float64”转换到“Int32”，可能丢失数据
     1>d:\work_space_1013_light\maniplattorextend\maniplattorextend\motioncontrol\clone\diacontrol_clone.cpp(2753): warning C4244: “=”: 从“float64”转换到“Int32”，可能丢失数据
     1>d:\work_space_1013_light\maniplattorextend\maniplattorextend\motioncontrol\clone\diacontrol_clone.cpp(2754): warning C4244: “=”: 从“float64”转换到“Int32”，可能丢失数据
     1>d:\work_space_1013_light\maniplattorextend\maniplattorextend\motioncontrol\clone\diacontrol_clone.cpp(2755): warning C4244: “=”: 从“float64”转换到“Int32”，可能丢失数据
     1>d:\work_space_1013_light\maniplattorextend\maniplattorextend\motioncontrol\clone\diacontrol_clone.cpp(2756): warning C4244: “=”: 从“float64”转换到“Int32”，可能丢失数据
     1>d:\work_space_1013_light\maniplattorextend\maniplattorextend\motioncontrol\clone\diacontrol_clone.cpp(2757): warning C4244: “=”: 从“float64”转换到“Int32”，可能丢失数据
     1>d:\work_space_1013_light\maniplattorextend\maniplattorextend\motioncontrol\clone\diacontrol_clone.cpp(2758): warning C4244: “=”: 从“float64”转换到“Int32”，可能丢失数据
     1>d:\work_space_1013_light\maniplattorextend\maniplattorextend\motioncontrol\clone\diacontrol_clone.cpp(2759): warning C4244: “=”: 从“float64”转换到“Int32”，可能丢失数据
     1>d:\work_space_1013_light\maniplattorextend\maniplattorextend\motioncontrol\clone\diacontrol_clone.cpp(2760): warning C4244: “=”: 从“float64”转换到“Int32”，可能丢失数据
     1>d:\work_space_1013_light\maniplattorextend\maniplattorextend\motioncontrol\clone\diacontrol_clone.cpp(2761): warning C4244: “=”: 从“float64”转换到“Int32”，可能丢失数据
     1>d:\work_space_1013_light\maniplattorextend\maniplattorextend\motioncontrol\clone\diacontrol_clone.cpp(2762): warning C4244: “=”: 从“float64”转换到“Int32”，可能丢失数据
     1>d:\work_space_1013_light\maniplattorextend\maniplattorextend\motioncontrol\clone\diacontrol_clone.cpp(2763): warning C4244: “=”: 从“float64”转换到“Int32”，可能丢失数据
     1>d:\work_space_1013_light\maniplattorextend\maniplattorextend\motioncontrol\clone\diacontrol_clone.cpp(2764): warning C4244: “=”: 从“float64”转换到“Int32”，可能丢失数据
     1>d:\work_space_1013_light\maniplattorextend\maniplattorextend\motioncontrol\clone\diacontrol_clone.cpp(2685): warning C4101: “temp”: 未引用的局部变量
     1>d:\work_space_1013_light\maniplattorextend\maniplattorextend\motioncontrol\clone\diacontrol_clone.cpp(2908): warning C4244: “=”: 从“float64”转换到“Int32”，可能丢失数据
     1>d:\work_space_1013_light\maniplattorextend\maniplattorextend\motioncontrol\clone\diacontrol_clone.cpp(2909): warning C4244: “=”: 从“float64”转换到“Int32”，可能丢失数据
     1>d:\work_space_1013_light\maniplattorextend\maniplattorextend\motioncontrol\clone\diacontrol_clone.cpp(2910): warning C4244: “=”: 从“float64”转换到“Int32”，可能丢失数据
     1>d:\work_space_1013_light\maniplattorextend\maniplattorextend\motioncontrol\clone\diacontrol_clone.cpp(2911): warning C4244: “=”: 从“float64”转换到“Int32”，可能丢失数据
     1>d:\work_space_1013_light\maniplattorextend\maniplattorextend\motioncontrol\clone\diacontrol_clone.cpp(2912): warning C4244: “=”: 从“float64”转换到“Int32”，可能丢失数据
     1>d:\work_space_1013_light\maniplattorextend\maniplattorextend\motioncontrol\clone\diacontrol_clone.cpp(2913): warning C4244: “=”: 从“float64”转换到“Int32”，可能丢失数据
     1>d:\work_space_1013_light\maniplattorextend\maniplattorextend\motioncontrol\clone\diacontrol_clone.cpp(2914): warning C4244: “=”: 从“float64”转换到“Int32”，可能丢失数据
     1>d:\work_space_1013_light\maniplattorextend\maniplattorextend\motioncontrol\clone\diacontrol_clone.cpp(2915): warning C4244: “=”: 从“float64”转换到“Int32”，可能丢失数据
     1>d:\work_space_1013_light\maniplattorextend\maniplattorextend\motioncontrol\clone\diacontrol_clone.cpp(2916): warning C4244: “=”: 从“float64”转换到“Int32”，可能丢失数据
     1>d:\work_space_1013_light\maniplattorextend\maniplattorextend\motioncontrol\clone\diacontrol_clone.cpp(2917): warning C4244: “=”: 从“float64”转换到“Int32”，可能丢失数据
     1>d:\work_space_1013_light\maniplattorextend\maniplattorextend\motioncontrol\clone\diacontrol_clone.cpp(2919): warning C4244: “=”: 从“float64”转换到“Int32”，可能丢失数据
     1>d:\work_space_1013_light\maniplattorextend\maniplattorextend\motioncontrol\clone\diacontrol_clone.cpp(2920): warning C4244: “=”: 从“float64”转换到“Int32”，可能丢失数据
     1>d:\work_space_1013_light\maniplattorextend\maniplattorextend\motioncontrol\clone\diacontrol_clone.cpp(2921): warning C4244: “=”: 从“float64”转换到“Int32”，可能丢失数据
     1>d:\work_space_1013_light\maniplattorextend\maniplattorextend\motioncontrol\clone\diacontrol_clone.cpp(2922): warning C4244: “=”: 从“float64”转换到“Int32”，可能丢失数据
     1>d:\work_space_1013_light\maniplattorextend\maniplattorextend\motioncontrol\clone\diacontrol_clone.cpp(2923): warning C4244: “=”: 从“float64”转换到“Int32”，可能丢失数据
     1>d:\work_space_1013_light\maniplattorextend\maniplattorextend\motioncontrol\clone\diacontrol_clone.cpp(2924): warning C4244: “=”: 从“float64”转换到“Int32”，可能丢失数据
     1>d:\work_space_1013_light\maniplattorextend\maniplattorextend\motioncontrol\clone\diacontrol_clone.cpp(2925): warning C4244: “=”: 从“float64”转换到“Int32”，可能丢失数据
     1>d:\work_space_1013_light\maniplattorextend\maniplattorextend\motioncontrol\clone\diacontrol_clone.cpp(2926): warning C4244: “=”: 从“float64”转换到“Int32”，可能丢失数据
     1>d:\work_space_1013_light\maniplattorextend\maniplattorextend\motioncontrol\clone\diacontrol_clone.cpp(2927): warning C4244: “=”: 从“float64”转换到“Int32”，可能丢失数据
     1>d:\work_space_1013_light\maniplattorextend\maniplattorextend\motioncontrol\clone\diacontrol_clone.cpp(2928): warning C4244: “=”: 从“float64”转换到“Int32”，可能丢失数据
     1>d:\work_space_1013_light\maniplattorextend\maniplattorextend\motioncontrol\clone\diacontrol_clone.cpp(2930): warning C4244: “=”: 从“float64”转换到“Int32”，可能丢失数据
     1>d:\work_space_1013_light\maniplattorextend\maniplattorextend\motioncontrol\clone\diacontrol_clone.cpp(2931): warning C4244: “=”: 从“float64”转换到“Int32”，可能丢失数据
     1>d:\work_space_1013_light\maniplattorextend\maniplattorextend\motioncontrol\clone\diacontrol_clone.cpp(2932): warning C4244: “=”: 从“float64”转换到“Int32”，可能丢失数据
     1>d:\work_space_1013_light\maniplattorextend\maniplattorextend\motioncontrol\clone\diacontrol_clone.cpp(2933): warning C4244: “=”: 从“float64”转换到“Int32”，可能丢失数据
     1>d:\work_space_1013_light\maniplattorextend\maniplattorextend\motioncontrol\clone\diacontrol_clone.cpp(2934): warning C4244: “=”: 从“float64”转换到“Int32”，可能丢失数据
     1>d:\work_space_1013_light\maniplattorextend\maniplattorextend\motioncontrol\clone\diacontrol_clone.cpp(2938): warning C4244: “=”: 从“double”转换到“Uint32”，可能丢失数据
     1>d:\work_space_1013_light\maniplattorextend\maniplattorextend\motioncontrol\clone\diacontrol_clone.cpp(2942): warning C4244: “=”: 从“double”转换到“Uint32”，可能丢失数据
     1>d:\work_space_1013_light\maniplattorextend\maniplattorextend\motioncontrol\clone\diacontrol_clone.cpp(2985): warning C4101: “temp”: 未引用的局部变量
     1>d:\work_space_1013_light\maniplattorextend\maniplattorextend\motioncontrol\clone\diacontrol_clone.cpp(4791): warning C4244: “=”: 从“double”转换到“Int32”，可能丢失数据
     1>d:\work_space_1013_light\maniplattorextend\maniplattorextend\motioncontrol\clone\diacontrol_clone.cpp(4792): warning C4244: “=”: 从“double”转换到“Int32”，可能丢失数据
     1>d:\work_space_1013_light\maniplattorextend\maniplattorextend\motioncontrol\clone\diacontrol_clone.cpp(4793): warning C4244: “=”: 从“double”转换到“Int32”，可能丢失数据
     1>d:\work_space_1013_light\maniplattorextend\maniplattorextend\motioncontrol\clone\diacontrol_clone.cpp(4794): warning C4244: “=”: 从“double”转换到“Int32”，可能丢失数据
     1>d:\work_space_1013_light\maniplattorextend\maniplattorextend\motioncontrol\clone\diacontrol_clone.cpp(4795): warning C4244: “=”: 从“double”转换到“Int32”，可能丢失数据
     1>d:\work_space_1013_light\maniplattorextend\maniplattorextend\motioncontrol\clone\diacontrol_clone.cpp(4796): warning C4244: “=”: 从“double”转换到“Int32”，可能丢失数据
     1>d:\work_space_1013_light\maniplattorextend\maniplattorextend\motioncontrol\clone\diacontrol_clone.cpp(4797): warning C4244: “=”: 从“double”转换到“Int32”，可能丢失数据
     1>d:\work_space_1013_light\maniplattorextend\maniplattorextend\motioncontrol\clone\diacontrol_clone.cpp(4798): warning C4244: “=”: 从“double”转换到“Int32”，可能丢失数据
     1>d:\work_space_1013_light\maniplattorextend\maniplattorextend\motioncontrol\clone\diacontrol_clone.cpp(4799): warning C4244: “=”: 从“double”转换到“Int32”，可能丢失数据
     1>d:\work_space_1013_light\maniplattorextend\maniplattorextend\motioncontrol\clone\diacontrol_clone.cpp(4800): warning C4244: “=”: 从“double”转换到“Int32”，可能丢失数据
     1>d:\work_space_1013_light\maniplattorextend\maniplattorextend\motioncontrol\clone\diacontrol_clone.cpp(4801): warning C4244: “=”: 从“double”转换到“Int32”，可能丢失数据
     1>d:\work_space_1013_light\maniplattorextend\maniplattorextend\motioncontrol\clone\diacontrol_clone.cpp(4802): warning C4244: “=”: 从“double”转换到“Int32”，可能丢失数据
     1>d:\work_space_1013_light\maniplattorextend\maniplattorextend\motioncontrol\clone\diacontrol_clone.cpp(4803): warning C4244: “=”: 从“double”转换到“Int32”，可能丢失数据
     1>d:\work_space_1013_light\maniplattorextend\maniplattorextend\motioncontrol\clone\diacontrol_clone.cpp(4804): warning C4244: “=”: 从“double”转换到“Int32”，可能丢失数据
     1>d:\work_space_1013_light\maniplattorextend\maniplattorextend\motioncontrol\clone\diacontrol_clone.cpp(4805): warning C4244: “=”: 从“double”转换到“Int32”，可能丢失数据
     1>d:\work_space_1013_light\maniplattorextend\maniplattorextend\motioncontrol\clone\diacontrol_clone.cpp(4806): warning C4244: “=”: 从“double”转换到“Int32”，可能丢失数据
     1>d:\work_space_1013_light\maniplattorextend\maniplattorextend\motioncontrol\clone\diacontrol_clone.cpp(4807): warning C4244: “=”: 从“double”转换到“Int32”，可能丢失数据
     1>d:\work_space_1013_light\maniplattorextend\maniplattorextend\motioncontrol\clone\diacontrol_clone.cpp(4808): warning C4244: “=”: 从“double”转换到“Int32”，可能丢失数据
     1>d:\work_space_1013_light\maniplattorextend\maniplattorextend\motioncontrol\clone\diacontrol_clone.cpp(4809): warning C4244: “=”: 从“double”转换到“Int32”，可能丢失数据
     1>d:\work_space_1013_light\maniplattorextend\maniplattorextend\motioncontrol\clone\diacontrol_clone.cpp(4810): warning C4244: “=”: 从“double”转换到“Int32”，可能丢失数据
     1>d:\work_space_1013_light\maniplattorextend\maniplattorextend\motioncontrol\clone\diacontrol_clone.cpp(4811): warning C4244: “=”: 从“double”转换到“Int32”，可能丢失数据
     1>d:\work_space_1013_light\maniplattorextend\maniplattorextend\motioncontrol\clone\diacontrol_clone.cpp(4812): warning C4244: “=”: 从“double”转换到“Int32”，可能丢失数据
     1>d:\work_space_1013_light\maniplattorextend\maniplattorextend\motioncontrol\clone\diacontrol_clone.cpp(4813): warning C4244: “=”: 从“double”转换到“Int32”，可能丢失数据
     1>d:\work_space_1013_light\maniplattorextend\maniplattorextend\motioncontrol\clone\diacontrol_clone.cpp(4814): warning C4244: “=”: 从“double”转换到“Int32”，可能丢失数据
     1>d:\work_space_1013_light\maniplattorextend\maniplattorextend\motioncontrol\clone\diacontrol_clone.cpp(4815): warning C4244: “=”: 从“double”转换到“Int32”，可能丢失数据
     1>d:\work_space_1013_light\maniplattorextend\maniplattorextend\motioncontrol\clone\diacontrol_clone.cpp(4936): warning C4101: “si”: 未引用的局部变量
     1>d:\work_space_1013_light\maniplattorextend\maniplattorextend\motioncontrol\clone\diacontrol_clone.cpp(5321): warning C4805: “==”: 在操作中将类型“Uint8”与类型“bool”混合不安全
     1>d:\work_space_1013_light\maniplattorextend\maniplattorextend\motioncontrol\clone\diacontrol_clone.cpp(5337): warning C4244: “=”: 从“double”转换到“Int32”，可能丢失数据
     1>d:\work_space_1013_light\maniplattorextend\maniplattorextend\motioncontrol\clone\diacontrol_clone.cpp(5341): warning C4244: “=”: 从“double”转换到“unsigned int”，可能丢失数据
     1>d:\work_space_1013_light\maniplattorextend\maniplattorextend\motioncontrol\clone\diacontrol_clone.cpp(5345): warning C4244: “=”: 从“double”转换到“unsigned int”，可能丢失数据
     1>d:\work_space_1013_light\maniplattorextend\maniplattorextend\motioncontrol\clone\diacontrol_clone.cpp(5350): warning C4805: “==”: 在操作中将类型“Uint16”与类型“bool”混合不安全
     1>d:\work_space_1013_light\maniplattorextend\maniplattorextend\motioncontrol\clone\diacontrol_clone.cpp(5356): warning C4805: “==”: 在操作中将类型“Uint8”与类型“bool”混合不安全
     1>d:\work_space_1013_light\maniplattorextend\maniplattorextend\motioncontrol\clone\diacontrol_clone.cpp(5361): warning C4805: “==”: 在操作中将类型“Uint8”与类型“bool”混合不安全
     1>d:\work_space_1013_light\maniplattorextend\maniplattorextend\motioncontrol\clone\diacontrol_clone.cpp(5366): warning C4805: “==”: 在操作中将类型“Uint8”与类型“bool”混合不安全
     1>d:\work_space_1013_light\maniplattorextend\maniplattorextend\motioncontrol\clone\diacontrol_clone.cpp(5387): warning C4805: “==”: 在操作中将类型“Uint8”与类型“bool”混合不安全
     1>d:\work_space_1013_light\maniplattorextend\maniplattorextend\motioncontrol\clone\diacontrol_clone.cpp(5392): warning C4805: “==”: 在操作中将类型“Uint8”与类型“bool”混合不安全
     1>d:\work_space_1013_light\maniplattorextend\maniplattorextend\motioncontrol\clone\diacontrol_clone.cpp(5397): warning C4805: “==”: 在操作中将类型“Uint8”与类型“bool”混合不安全
     1>d:\work_space_1013_light\maniplattorextend\maniplattorextend\motioncontrol\clone\diacontrol_clone.cpp(5402): warning C4805: “==”: 在操作中将类型“Uint8”与类型“bool”混合不安全
     1>d:\work_space_1013_light\maniplattorextend\maniplattorextend\motioncontrol\clone\diacontrol_clone.cpp(5513): warning C4805: “==”: 在操作中将类型“Uint16”与类型“bool”混合不安全
     1>d:\work_space_1013_light\maniplattorextend\maniplattorextend\motioncontrol\clone\diacontrol_clone.cpp(5541): warning C4018: “<=”: 有符号/无符号不匹配
     1>d:\work_space_1013_light\maniplattorextend\maniplattorextend\motioncontrol\clone\diacontrol_clone.cpp(5622): warning C4244: “=”: 从“float64”转换到“Int32”，可能丢失数据
     1>d:\work_space_1013_light\maniplattorextend\maniplattorextend\motioncontrol\clone\diacontrol_clone.cpp(5624): warning C4244: “=”: 从“float64”转换到“Int32”，可能丢失数据
     1>d:\work_space_1013_light\maniplattorextend\maniplattorextend\motioncontrol\clone\diacontrol_clone.cpp(5677): warning C4244: “=”: 从“float64”转换到“Int32”，可能丢失数据
     1>d:\work_space_1013_light\maniplattorextend\maniplattorextend\motioncontrol\clone\diacontrol_clone.cpp(5678): warning C4244: “=”: 从“float64”转换到“Int32”，可能丢失数据
     1>d:\work_space_1013_light\maniplattorextend\maniplattorextend\motioncontrol\clone\diacontrol_clone.cpp(5679): warning C4244: “=”: 从“float64”转换到“Int32”，可能丢失数据
     1>d:\work_space_1013_light\maniplattorextend\maniplattorextend\motioncontrol\clone\diacontrol_clone.cpp(5680): warning C4244: “=”: 从“float64”转换到“Int32”，可能丢失数据
     1>d:\work_space_1013_light\maniplattorextend\maniplattorextend\motioncontrol\clone\diacontrol_clone.cpp(5683): warning C4244: “=”: 从“float64”转换到“Int32”，可能丢失数据
     1>d:\work_space_1013_light\maniplattorextend\maniplattorextend\motioncontrol\clone\diacontrol_clone.cpp(5684): warning C4244: “=”: 从“float64”转换到“Int32”，可能丢失数据
     1>d:\work_space_1013_light\maniplattorextend\maniplattorextend\motioncontrol\clone\diacontrol_clone.cpp(5685): warning C4244: “=”: 从“float64”转换到“Int32”，可能丢失数据
     1>d:\work_space_1013_light\maniplattorextend\maniplattorextend\motioncontrol\clone\diacontrol_clone.cpp(5686): warning C4244: “=”: 从“float64”转换到“Int32”，可能丢失数据
     1>d:\work_space_1013_light\maniplattorextend\maniplattorextend\motioncontrol\clone\diacontrol_clone.cpp(5687): warning C4244: “=”: 从“float64”转换到“Int32”，可能丢失数据
     1>d:\work_space_1013_light\maniplattorextend\maniplattorextend\motioncontrol\clone\diacontrol_clone.cpp(5688): warning C4244: “=”: 从“float64”转换到“Int32”，可能丢失数据
     1>d:\work_space_1013_light\maniplattorextend\maniplattorextend\motioncontrol\clone\diacontrol_clone.cpp(5689): warning C4244: “=”: 从“float64”转换到“Int32”，可能丢失数据
     1>d:\work_space_1013_light\maniplattorextend\maniplattorextend\motioncontrol\clone\diacontrol_clone.cpp(5690): warning C4244: “=”: 从“float64”转换到“Int32”，可能丢失数据
     1>d:\work_space_1013_light\maniplattorextend\maniplattorextend\motioncontrol\clone\diacontrol_clone.cpp(5691): warning C4244: “=”: 从“float64”转换到“Int32”，可能丢失数据
     1>d:\work_space_1013_light\maniplattorextend\maniplattorextend\motioncontrol\clone\diacontrol_clone.cpp(5692): warning C4244: “=”: 从“float64”转换到“Int32”，可能丢失数据
     1>d:\work_space_1013_light\maniplattorextend\maniplattorextend\motioncontrol\clone\diacontrol_clone.cpp(6006): warning C4244: “=”: 从“float64”转换到“Int32”，可能丢失数据
     1>d:\work_space_1013_light\maniplattorextend\maniplattorextend\motioncontrol\clone\diacontrol_clone.cpp(6007): warning C4244: “=”: 从“float64”转换到“Int32”，可能丢失数据
     1>d:\work_space_1013_light\maniplattorextend\maniplattorextend\motioncontrol\clone\diacontrol_clone.cpp(6008): warning C4244: “=”: 从“float64”转换到“Int32”，可能丢失数据
     1>d:\work_space_1013_light\maniplattorextend\maniplattorextend\motioncontrol\clone\diacontrol_clone.cpp(6009): warning C4244: “=”: 从“float64”转换到“Int32”，可能丢失数据
     1>d:\work_space_1013_light\maniplattorextend\maniplattorextend\motioncontrol\clone\diacontrol_clone.cpp(6010): warning C4244: “=”: 从“float64”转换到“Int32”，可能丢失数据
     1>d:\work_space_1013_light\maniplattorextend\maniplattorextend\motioncontrol\clone\diacontrol_clone.cpp(6011): warning C4244: “=”: 从“float64”转换到“Int32”，可能丢失数据
     1>d:\work_space_1013_light\maniplattorextend\maniplattorextend\motioncontrol\clone\diacontrol_clone.cpp(6012): warning C4244: “=”: 从“float64”转换到“Int32”，可能丢失数据
     1>d:\work_space_1013_light\maniplattorextend\maniplattorextend\motioncontrol\clone\diacontrol_clone.cpp(6013): warning C4244: “=”: 从“float64”转换到“Int32”，可能丢失数据
     1>d:\work_space_1013_light\maniplattorextend\maniplattorextend\motioncontrol\clone\diacontrol_clone.cpp(6014): warning C4244: “=”: 从“float64”转换到“Int32”，可能丢失数据
     1>d:\work_space_1013_light\maniplattorextend\maniplattorextend\motioncontrol\clone\diacontrol_clone.cpp(6015): warning C4244: “=”: 从“float64”转换到“Int32”，可能丢失数据
     1>d:\work_space_1013_light\maniplattorextend\maniplattorextend\motioncontrol\clone\diacontrol_clone.cpp(6016): warning C4244: “=”: 从“float64”转换到“Int32”，可能丢失数据
     1>d:\work_space_1013_light\maniplattorextend\maniplattorextend\motioncontrol\clone\diacontrol_clone.cpp(6017): warning C4244: “=”: 从“float64”转换到“Int32”，可能丢失数据
     1>d:\work_space_1013_light\maniplattorextend\maniplattorextend\motioncontrol\clone\diacontrol_clone.cpp(6018): warning C4244: “=”: 从“float64”转换到“Int32”，可能丢失数据
     1>d:\work_space_1013_light\maniplattorextend\maniplattorextend\motioncontrol\clone\diacontrol_clone.cpp(6019): warning C4244: “=”: 从“float64”转换到“Int32”，可能丢失数据
     1>d:\work_space_1013_light\maniplattorextend\maniplattorextend\motioncontrol\clone\diacontrol_clone.cpp(6020): warning C4244: “=”: 从“float64”转换到“Int32”，可能丢失数据
     1>d:\work_space_1013_light\maniplattorextend\maniplattorextend\motioncontrol\clone\diacontrol_clone.cpp(6021): warning C4244: “=”: 从“float64”转换到“Int32”，可能丢失数据
     1>d:\work_space_1013_light\maniplattorextend\maniplattorextend\motioncontrol\clone\diacontrol_clone.cpp(6022): warning C4244: “=”: 从“float64”转换到“Int32”，可能丢失数据
     1>d:\work_space_1013_light\maniplattorextend\maniplattorextend\motioncontrol\clone\diacontrol_clone.cpp(6023): warning C4244: “=”: 从“float64”转换到“Int32”，可能丢失数据
     1>d:\work_space_1013_light\maniplattorextend\maniplattorextend\motioncontrol\clone\diacontrol_clone.cpp(6024): warning C4244: “=”: 从“float64”转换到“Int32”，可能丢失数据
     1>d:\work_space_1013_light\maniplattorextend\maniplattorextend\motioncontrol\clone\diacontrol_clone.cpp(6025): warning C4244: “=”: 从“float64”转换到“Int32”，可能丢失数据
     1>d:\work_space_1013_light\maniplattorextend\maniplattorextend\motioncontrol\clone\diacontrol_clone.cpp(6026): warning C4244: “=”: 从“float64”转换到“Int32”，可能丢失数据
     1>d:\work_space_1013_light\maniplattorextend\maniplattorextend\motioncontrol\clone\diacontrol_clone.cpp(6027): warning C4244: “=”: 从“float64”转换到“Int32”，可能丢失数据
     1>d:\work_space_1013_light\maniplattorextend\maniplattorextend\motioncontrol\clone\diacontrol_clone.cpp(6028): warning C4244: “=”: 从“float64”转换到“Int32”，可能丢失数据
     1>d:\work_space_1013_light\maniplattorextend\maniplattorextend\motioncontrol\clone\diacontrol_clone.cpp(6029): warning C4244: “=”: 从“float64”转换到“Int32”，可能丢失数据
     1>d:\work_space_1013_light\maniplattorextend\maniplattorextend\motioncontrol\clone\diacontrol_clone.cpp(6030): warning C4244: “=”: 从“float64”转换到“Int32”，可能丢失数据
     1>d:\work_space_1013_light\maniplattorextend\maniplattorextend\motioncontrol\clone\diacontrol_clone.cpp(6032): warning C4244: “=”: 从“float64”转换到“Int32”，可能丢失数据
     1>d:\work_space_1013_light\maniplattorextend\maniplattorextend\motioncontrol\clone\diacontrol_clone.cpp(6033): warning C4244: “=”: 从“float64”转换到“Int32”，可能丢失数据
     1>d:\work_space_1013_light\maniplattorextend\maniplattorextend\motioncontrol\clone\diacontrol_clone.cpp(6034): warning C4244: “=”: 从“float64”转换到“Int32”，可能丢失数据
     1>d:\work_space_1013_light\maniplattorextend\maniplattorextend\motioncontrol\clone\diacontrol_clone.cpp(6035): warning C4244: “=”: 从“float64”转换到“Int32”，可能丢失数据
     1>d:\work_space_1013_light\maniplattorextend\maniplattorextend\motioncontrol\clone\diacontrol_clone.cpp(6036): warning C4244: “=”: 从“float64”转换到“Int32”，可能丢失数据
     1>d:\work_space_1013_light\maniplattorextend\maniplattorextend\motioncontrol\clone\diacontrol_clone.cpp(6037): warning C4244: “=”: 从“float64”转换到“Int32”，可能丢失数据
     1>d:\work_space_1013_light\maniplattorextend\maniplattorextend\motioncontrol\clone\diacontrol_clone.cpp(6038): warning C4244: “=”: 从“float64”转换到“Int32”，可能丢失数据
     1>d:\work_space_1013_light\maniplattorextend\maniplattorextend\motioncontrol\clone\diacontrol_clone.cpp(6039): warning C4244: “=”: 从“float64”转换到“Int32”，可能丢失数据
     1>d:\work_space_1013_light\maniplattorextend\maniplattorextend\motioncontrol\clone\diacontrol_clone.cpp(6040): warning C4244: “=”: 从“float64”转换到“Int32”，可能丢失数据
     1>d:\work_space_1013_light\maniplattorextend\maniplattorextend\motioncontrol\clone\diacontrol_clone.cpp(6041): warning C4244: “=”: 从“float64”转换到“Int32”，可能丢失数据
     1>d:\work_space_1013_light\maniplattorextend\maniplattorextend\motioncontrol\clone\diacontrol_clone.cpp(6042): warning C4244: “=”: 从“float64”转换到“Int32”，可能丢失数据
     1>d:\work_space_1013_light\maniplattorextend\maniplattorextend\motioncontrol\clone\diacontrol_clone.cpp(6043): warning C4244: “=”: 从“float64”转换到“Int32”，可能丢失数据
     1>d:\work_space_1013_light\maniplattorextend\maniplattorextend\motioncontrol\clone\diacontrol_clone.cpp(6044): warning C4244: “=”: 从“float64”转换到“Int32”，可能丢失数据
     1>d:\work_space_1013_light\maniplattorextend\maniplattorextend\motioncontrol\clone\diacontrol_clone.cpp(6045): warning C4244: “=”: 从“float64”转换到“Int32”，可能丢失数据
     1>d:\work_space_1013_light\maniplattorextend\maniplattorextend\motioncontrol\clone\diacontrol_clone.cpp(6046): warning C4244: “=”: 从“float64”转换到“Int32”，可能丢失数据
     1>d:\work_space_1013_light\maniplattorextend\maniplattorextend\motioncontrol\clone\diacontrol_clone.cpp(6047): warning C4244: “=”: 从“float64”转换到“Int32”，可能丢失数据
     1>d:\work_space_1013_light\maniplattorextend\maniplattorextend\motioncontrol\clone\diacontrol_clone.cpp(6048): warning C4244: “=”: 从“float64”转换到“Int32”，可能丢失数据
     1>d:\work_space_1013_light\maniplattorextend\maniplattorextend\motioncontrol\clone\diacontrol_clone.cpp(6049): warning C4244: “=”: 从“float64”转换到“Int32”，可能丢失数据
     1>d:\work_space_1013_light\maniplattorextend\maniplattorextend\motioncontrol\clone\diacontrol_clone.cpp(6050): warning C4244: “=”: 从“float64”转换到“Int32”，可能丢失数据
     1>d:\work_space_1013_light\maniplattorextend\maniplattorextend\motioncontrol\clone\diacontrol_clone.cpp(6051): warning C4244: “=”: 从“float64”转换到“Int32”，可能丢失数据
     1>d:\work_space_1013_light\maniplattorextend\maniplattorextend\motioncontrol\clone\diacontrol_clone.cpp(6052): warning C4244: “=”: 从“float64”转换到“Int32”，可能丢失数据
     1>d:\work_space_1013_light\maniplattorextend\maniplattorextend\motioncontrol\clone\diacontrol_clone.cpp(6053): warning C4244: “=”: 从“float64”转换到“Int32”，可能丢失数据
     1>d:\work_space_1013_light\maniplattorextend\maniplattorextend\motioncontrol\clone\diacontrol_clone.cpp(6054): warning C4244: “=”: 从“float64”转换到“Int32”，可能丢失数据
     1>d:\work_space_1013_light\maniplattorextend\maniplattorextend\motioncontrol\clone\diacontrol_clone.cpp(6055): warning C4244: “=”: 从“float64”转换到“Int32”，可能丢失数据
     1>d:\work_space_1013_light\maniplattorextend\maniplattorextend\motioncontrol\clone\diacontrol_clone.cpp(6056): warning C4244: “=”: 从“float64”转换到“Int32”，可能丢失数据
     1>d:\work_space_1013_light\maniplattorextend\maniplattorextend\motioncontrol\clone\diacontrol_clone.cpp(6407): warning C4244: “=”: 从“float64”转换到“Int32”，可能丢失数据
     1>d:\work_space_1013_light\maniplattorextend\maniplattorextend\motioncontrol\clone\diacontrol_clone.cpp(6408): warning C4244: “=”: 从“float64”转换到“Int32”，可能丢失数据
     1>d:\work_space_1013_light\maniplattorextend\maniplattorextend\motioncontrol\clone\diacontrol_clone.cpp(6409): warning C4244: “=”: 从“float64”转换到“Int32”，可能丢失数据
     1>d:\work_space_1013_light\maniplattorextend\maniplattorextend\motioncontrol\clone\diacontrol_clone.cpp(6410): warning C4244: “=”: 从“float64”转换到“Int32”，可能丢失数据
     1>d:\work_space_1013_light\maniplattorextend\maniplattorextend\motioncontrol\clone\diacontrol_clone.cpp(6411): warning C4244: “=”: 从“float64”转换到“Int32”，可能丢失数据
     1>d:\work_space_1013_light\maniplattorextend\maniplattorextend\motioncontrol\clone\diacontrol_clone.cpp(6412): warning C4244: “=”: 从“float64”转换到“Int32”，可能丢失数据
     1>d:\work_space_1013_light\maniplattorextend\maniplattorextend\motioncontrol\clone\diacontrol_clone.cpp(6413): warning C4244: “=”: 从“float64”转换到“Int32”，可能丢失数据
     1>d:\work_space_1013_light\maniplattorextend\maniplattorextend\motioncontrol\clone\diacontrol_clone.cpp(6414): warning C4244: “=”: 从“float64”转换到“Int32”，可能丢失数据
     1>d:\work_space_1013_light\maniplattorextend\maniplattorextend\motioncontrol\clone\diacontrol_clone.cpp(6415): warning C4244: “=”: 从“float64”转换到“Int32”，可能丢失数据
     1>d:\work_space_1013_light\maniplattorextend\maniplattorextend\motioncontrol\clone\diacontrol_clone.cpp(6416): warning C4244: “=”: 从“float64”转换到“Int32”，可能丢失数据
     1>d:\work_space_1013_light\maniplattorextend\maniplattorextend\motioncontrol\clone\diacontrol_clone.cpp(6417): warning C4244: “=”: 从“float64”转换到“Int32”，可能丢失数据
     1>d:\work_space_1013_light\maniplattorextend\maniplattorextend\motioncontrol\clone\diacontrol_clone.cpp(6418): warning C4244: “=”: 从“float64”转换到“Int32”，可能丢失数据
     1>d:\work_space_1013_light\maniplattorextend\maniplattorextend\motioncontrol\clone\diacontrol_clone.cpp(6419): warning C4244: “=”: 从“float64”转换到“Int32”，可能丢失数据
     1>d:\work_space_1013_light\maniplattorextend\maniplattorextend\motioncontrol\clone\diacontrol_clone.cpp(6420): warning C4244: “=”: 从“float64”转换到“Int32”，可能丢失数据
     1>d:\work_space_1013_light\maniplattorextend\maniplattorextend\motioncontrol\clone\diacontrol_clone.cpp(6421): warning C4244: “=”: 从“float64”转换到“Int32”，可能丢失数据
     1>d:\work_space_1013_light\maniplattorextend\maniplattorextend\motioncontrol\clone\diacontrol_clone.cpp(6422): warning C4244: “=”: 从“float64”转换到“Int32”，可能丢失数据
     1>d:\work_space_1013_light\maniplattorextend\maniplattorextend\motioncontrol\clone\diacontrol_clone.cpp(6423): warning C4244: “=”: 从“float64”转换到“Int32”，可能丢失数据
     1>d:\work_space_1013_light\maniplattorextend\maniplattorextend\motioncontrol\clone\diacontrol_clone.cpp(6424): warning C4244: “=”: 从“float64”转换到“Int32”，可能丢失数据
     1>d:\work_space_1013_light\maniplattorextend\maniplattorextend\motioncontrol\clone\diacontrol_clone.cpp(6425): warning C4244: “=”: 从“float64”转换到“Int32”，可能丢失数据
     1>d:\work_space_1013_light\maniplattorextend\maniplattorextend\motioncontrol\clone\diacontrol_clone.cpp(6426): warning C4244: “=”: 从“float64”转换到“Int32”，可能丢失数据
     1>d:\work_space_1013_light\maniplattorextend\maniplattorextend\motioncontrol\clone\diacontrol_clone.cpp(6427): warning C4244: “=”: 从“float64”转换到“Int32”，可能丢失数据
     1>d:\work_space_1013_light\maniplattorextend\maniplattorextend\motioncontrol\clone\diacontrol_clone.cpp(6428): warning C4244: “=”: 从“float64”转换到“Int32”，可能丢失数据
     1>d:\work_space_1013_light\maniplattorextend\maniplattorextend\motioncontrol\clone\diacontrol_clone.cpp(6429): warning C4244: “=”: 从“float64”转换到“Int32”，可能丢失数据
     1>d:\work_space_1013_light\maniplattorextend\maniplattorextend\motioncontrol\clone\diacontrol_clone.cpp(6430): warning C4244: “=”: 从“float64”转换到“Int32”，可能丢失数据
     1>d:\work_space_1013_light\maniplattorextend\maniplattorextend\motioncontrol\clone\diacontrol_clone.cpp(6431): warning C4244: “=”: 从“float64”转换到“Int32”，可能丢失数据
     1>d:\work_space_1013_light\maniplattorextend\maniplattorextend\motioncontrol\clone\diacontrol_clone.cpp(6329): warning C4101: “temp”: 未引用的局部变量
     1>d:\work_space_1013_light\maniplattorextend\maniplattorextend\motioncontrol\clone\diacontrol_clone.cpp(6507): warning C4805: “==”: 在操作中将类型“Uint16”与类型“bool”混合不安全
     1>d:\work_space_1013_light\maniplattorextend\maniplattorextend\motioncontrol\clone\diacontrol_clone.cpp(6806): warning C4805: “==”: 在操作中将类型“Uint16”与类型“bool”混合不安全
     1>d:\work_space_1013_light\maniplattorextend\maniplattorextend\motioncontrol\clone\diacontrol_clone.cpp(6916): warning C4101: “data32”: 未引用的局部变量
     1>d:\work_space_1013_light\maniplattorextend\maniplattorextend\motioncontrol\clone\diacontrol_clone.cpp(6911): warning C4101: “zvalue”: 未引用的局部变量
     1>d:\work_space_1013_light\maniplattorextend\maniplattorextend\motioncontrol\clone\diacontrol_clone.cpp(6911): warning C4101: “xvalue”: 未引用的局部变量
     1>d:\work_space_1013_light\maniplattorextend\maniplattorextend\motioncontrol\clone\diacontrol_clone.cpp(6915): warning C4101: “i”: 未引用的局部变量
     1>d:\work_space_1013_light\maniplattorextend\maniplattorextend\motioncontrol\clone\diacontrol_clone.cpp(6911): warning C4101: “yvalue”: 未引用的局部变量
         maniplattorExtend.cpp
         正在生成代码...
     1>d:\work_space_1013_light\maniplattorextend\maniplattorextend\motioncontrol\clone\diacontrol_clone.cpp(805): warning C4715: “ParaCheckLinearCompensation”: 不是所有的控件路径都返回值
     1>d:\work_space_1013_light\maniplattorextend\maniplattorextend\motioncontrol\udp_export.cpp(297): warning C4715: “UDP_SendData”: 不是所有的控件路径都返回值
       Link:
         C:\Program Files (x86)\Microsoft Visual Studio 12.0\VC\bin\link.exe /ERRORREPORT:PROMPT /OUT:"D:\work_space_1013_light\maniplattorExtend\Debug\maniplattorExtend.exe" /INCREMENTAL /NOLOGO /MANIFEST /MANIFESTUAC:"level='asInvoker' uiAccess='false'" /manifest:embed /manifestinput:"C:\Program Files (x86)\Microsoft Visual Studio 12.0\VC\Include\Manifest\dpiaware.manifest" /DEBUG /PDB:"D:\work_space_1013_light\maniplattorExtend\Debug\maniplattorExtend.pdb" /SUBSYSTEM:CONSOLE /TLBID:1 /DYNAMICBASE /NXCOMPAT /IMPLIB:"D:\work_space_1013_light\maniplattorExtend\Debug\maniplattorExtend.lib" /MACHINE:X86 Debug\maniplattorExtend.obj
         Debug\DIAControl_Clone.obj
         Debug\UDP_Export.obj
         Debug\stdafx.obj
         maniplattorExtend.vcxproj -> D:\work_space_1013_light\maniplattorExtend\Debug\maniplattorExtend.exe
     1>已完成生成项目“D:\work_space_1013_light\maniplattorExtend\maniplattorExtend\maniplattorExtend.vcxproj”(Rebuild 个目标)的操作。

生成成功。

已用时间 00:00:05.90
