生成启动时间为 2017/6/26 10:12:13。
     1>项目“D:\work_space_1013_light\maniplattorExtend\maniplattorExtend\maniplattorExtend.vcxproj”在节点 2 上(Rebuild 个目标)。
     1>ClCompile:
         C:\Program Files (x86)\Microsoft Visual Studio 12.0\VC\bin\CL.exe /c /ZI /nologo /W3 /WX- /sdl /Od /Oy- /D WIN32 /D _DEBUG /D _CONSOLE /D _LIB /D _CRT_SECURE_NO_WARNINGS /D _UNICODE /D UNICODE /D _AFXDLL /Gm /EHsc /RTC1 /MDd /GS /fp:precise /Zc:wchar_t /Zc:forScope /Yc"stdafx.h" /Fp"Debug\maniplattorExtend.pch" /Fo"Debug\\" /Fd"Debug\vc120.pdb" /Gd /TP /analyze- /errorReport:prompt stdafx.cpp
         stdafx.cpp
         C:\Program Files (x86)\Microsoft Visual Studio 12.0\VC\bin\CL.exe /c /ZI /nologo /W3 /WX- /sdl /Od /Oy- /D WIN32 /D _DEBUG /D _CONSOLE /D _LIB /D _CRT_SECURE_NO_WARNINGS /D _UNICODE /D UNICODE /D _AFXDLL /Gm /EHsc /RTC1 /MDd /GS /fp:precise /Zc:wchar_t /Zc:forScope /Yu"stdafx.h" /Fp"Debug\maniplattorExtend.pch" /Fo"Debug\\" /Fd"Debug\vc120.pdb" /Gd /TP /analyze- /errorReport:prompt maniplattorExtend.cpp MotionControl\Clone\DIAControl_Clone.cpp MotionControl\UDP_Export.cpp
         UDP_Export.cpp
     1>d:\work_space_1013_light\maniplattorextend\maniplattorextend\motioncontrol\udp_export.cpp(58): warning C4309: “=”: 截断常量值
     1>d:\work_space_1013_light\maniplattorextend\maniplattorextend\motioncontrol\udp_export.cpp(59): warning C4309: “=”: 截断常量值
         DIAControl_Clone.cpp
     1>d:\work_space_1013_light\maniplattorextend\maniplattorextend\motioncontrol\clone\diacontrol_clone.cpp(164): warning C4101: “data32”: 未引用的局部变量
     1>d:\work_space_1013_light\maniplattorextend\maniplattorextend\motioncontrol\clone\diacontrol_clone.cpp(165): warning C4101: “i”: 未引用的局部变量
     1>d:\work_space_1013_light\maniplattorextend\maniplattorextend\motioncontrol\clone\diacontrol_clone.cpp(1031): warning C4244: “=”: 从“int”转换到“float”，可能丢失数据
     1>d:\work_space_1013_light\maniplattorextend\maniplattorextend\motioncontrol\clone\diacontrol_clone.cpp(1284): warning C4805: “==”: 在操作中将类型“Uint8”与类型“bool”混合不安全
     1>d:\work_space_1013_light\maniplattorextend\maniplattorextend\motioncontrol\clone\diacontrol_clone.cpp(873): warning C4101: “zvalue”: 未引用的局部变量
     1>d:\work_space_1013_light\maniplattorextend\maniplattorextend\motioncontrol\clone\diacontrol_clone.cpp(873): warning C4101: “xvalue”: 未引用的局部变量
     1>d:\work_space_1013_light\maniplattorextend\maniplattorextend\motioncontrol\clone\diacontrol_clone.cpp(876): warning C4101: “i”: 未引用的局部变量
     1>d:\work_space_1013_light\maniplattorextend\maniplattorextend\motioncontrol\clone\diacontrol_clone.cpp(873): warning C4101: “yvalue”: 未引用的局部变量
     1>d:\work_space_1013_light\maniplattorextend\maniplattorextend\motioncontrol\clone\diacontrol_clone.cpp(1607): warning C4805: “==”: 在操作中将类型“Uint8”与类型“bool”混合不安全
     1>d:\work_space_1013_light\maniplattorextend\maniplattorextend\motioncontrol\clone\diacontrol_clone.cpp(1627): warning C4244: “=”: 从“double”转换到“Int32”，可能丢失数据
     1>d:\work_space_1013_light\maniplattorextend\maniplattorextend\motioncontrol\clone\diacontrol_clone.cpp(1631): warning C4244: “=”: 从“double”转换到“unsigned int”，可能丢失数据
     1>d:\work_space_1013_light\maniplattorextend\maniplattorextend\motioncontrol\clone\diacontrol_clone.cpp(1635): warning C4244: “=”: 从“double”转换到“unsigned int”，可能丢失数据
     1>d:\work_space_1013_light\maniplattorextend\maniplattorextend\motioncontrol\clone\diacontrol_clone.cpp(1640): warning C4805: “==”: 在操作中将类型“Uint16”与类型“bool”混合不安全
     1>d:\work_space_1013_light\maniplattorextend\maniplattorextend\motioncontrol\clone\diacontrol_clone.cpp(1645): warning C4805: “==”: 在操作中将类型“Uint8”与类型“bool”混合不安全
     1>d:\work_space_1013_light\maniplattorextend\maniplattorextend\motioncontrol\clone\diacontrol_clone.cpp(1650): warning C4805: “==”: 在操作中将类型“Uint8”与类型“bool”混合不安全
     1>d:\work_space_1013_light\maniplattorextend\maniplattorextend\motioncontrol\clone\diacontrol_clone.cpp(1655): warning C4805: “==”: 在操作中将类型“Uint8”与类型“bool”混合不安全
     1>d:\work_space_1013_light\maniplattorextend\maniplattorextend\motioncontrol\clone\diacontrol_clone.cpp(1676): warning C4805: “==”: 在操作中将类型“Uint8”与类型“bool”混合不安全
     1>d:\work_space_1013_light\maniplattorextend\maniplattorextend\motioncontrol\clone\diacontrol_clone.cpp(1681): warning C4805: “==”: 在操作中将类型“Uint8”与类型“bool”混合不安全
     1>d:\work_space_1013_light\maniplattorextend\maniplattorextend\motioncontrol\clone\diacontrol_clone.cpp(1686): warning C4805: “==”: 在操作中将类型“Uint8”与类型“bool”混合不安全
     1>d:\work_space_1013_light\maniplattorextend\maniplattorextend\motioncontrol\clone\diacontrol_clone.cpp(1691): warning C4805: “==”: 在操作中将类型“Uint8”与类型“bool”混合不安全
     1>d:\work_space_1013_light\maniplattorextend\maniplattorextend\motioncontrol\clone\diacontrol_clone.cpp(1802): warning C4805: “==”: 在操作中将类型“Uint16”与类型“bool”混合不安全
     1>d:\work_space_1013_light\maniplattorextend\maniplattorextend\motioncontrol\clone\diacontrol_clone.cpp(1835): warning C4018: “<=”: 有符号/无符号不匹配
     1>d:\work_space_1013_light\maniplattorextend\maniplattorextend\motioncontrol\clone\diacontrol_clone.cpp(1878): warning C4244: “=”: 从“float64”转换到“Int32”，可能丢失数据
     1>d:\work_space_1013_light\maniplattorextend\maniplattorextend\motioncontrol\clone\diacontrol_clone.cpp(1880): warning C4244: “=”: 从“float64”转换到“Int32”，可能丢失数据
     1>d:\work_space_1013_light\maniplattorextend\maniplattorextend\motioncontrol\clone\diacontrol_clone.cpp(1933): warning C4244: “=”: 从“float64”转换到“Int32”，可能丢失数据
     1>d:\work_space_1013_light\maniplattorextend\maniplattorextend\motioncontrol\clone\diacontrol_clone.cpp(1934): warning C4244: “=”: 从“float64”转换到“Int32”，可能丢失数据
     1>d:\work_space_1013_light\maniplattorextend\maniplattorextend\motioncontrol\clone\diacontrol_clone.cpp(1935): warning C4244: “=”: 从“float64”转换到“Int32”，可能丢失数据
     1>d:\work_space_1013_light\maniplattorextend\maniplattorextend\motioncontrol\clone\diacontrol_clone.cpp(1936): warning C4244: “=”: 从“float64”转换到“Int32”，可能丢失数据
     1>d:\work_space_1013_light\maniplattorextend\maniplattorextend\motioncontrol\clone\diacontrol_clone.cpp(1939): warning C4244: “=”: 从“float64”转换到“Int32”，可能丢失数据
     1>d:\work_space_1013_light\maniplattorextend\maniplattorextend\motioncontrol\clone\diacontrol_clone.cpp(1940): warning C4244: “=”: 从“float64”转换到“Int32”，可能丢失数据
     1>d:\work_space_1013_light\maniplattorextend\maniplattorextend\motioncontrol\clone\diacontrol_clone.cpp(1941): warning C4244: “=”: 从“float64”转换到“Int32”，可能丢失数据
     1>d:\work_space_1013_light\maniplattorextend\maniplattorextend\motioncontrol\clone\diacontrol_clone.cpp(1942): warning C4244: “=”: 从“float64”转换到“Int32”，可能丢失数据
     1>d:\work_space_1013_light\maniplattorextend\maniplattorextend\motioncontrol\clone\diacontrol_clone.cpp(1943): warning C4244: “=”: 从“float64”转换到“Int32”，可能丢失数据
     1>d:\work_space_1013_light\maniplattorextend\maniplattorextend\motioncontrol\clone\diacontrol_clone.cpp(1944): warning C4244: “=”: 从“float64”转换到“Int32”，可能丢失数据
     1>d:\work_space_1013_light\maniplattorextend\maniplattorextend\motioncontrol\clone\diacontrol_clone.cpp(1945): warning C4244: “=”: 从“float64”转换到“Int32”，可能丢失数据
     1>d:\work_space_1013_light\maniplattorextend\maniplattorextend\motioncontrol\clone\diacontrol_clone.cpp(1946): warning C4244: “=”: 从“float64”转换到“Int32”，可能丢失数据
     1>d:\work_space_1013_light\maniplattorextend\maniplattorextend\motioncontrol\clone\diacontrol_clone.cpp(1947): warning C4244: “=”: 从“float64”转换到“Int32”，可能丢失数据
     1>d:\work_space_1013_light\maniplattorextend\maniplattorextend\motioncontrol\clone\diacontrol_clone.cpp(1948): warning C4244: “=”: 从“float64”转换到“Int32”，可能丢失数据
     1>d:\work_space_1013_light\maniplattorextend\maniplattorextend\motioncontrol\clone\diacontrol_clone.cpp(2262): warning C4244: “=”: 从“float64”转换到“Int32”，可能丢失数据
     1>d:\work_space_1013_light\maniplattorextend\maniplattorextend\motioncontrol\clone\diacontrol_clone.cpp(2263): warning C4244: “=”: 从“float64”转换到“Int32”，可能丢失数据
     1>d:\work_space_1013_light\maniplattorextend\maniplattorextend\motioncontrol\clone\diacontrol_clone.cpp(2264): warning C4244: “=”: 从“float64”转换到“Int32”，可能丢失数据
     1>d:\work_space_1013_light\maniplattorextend\maniplattorextend\motioncontrol\clone\diacontrol_clone.cpp(2265): warning C4244: “=”: 从“float64”转换到“Int32”，可能丢失数据
     1>d:\work_space_1013_light\maniplattorextend\maniplattorextend\motioncontrol\clone\diacontrol_clone.cpp(2266): warning C4244: “=”: 从“float64”转换到“Int32”，可能丢失数据
     1>d:\work_space_1013_light\maniplattorextend\maniplattorextend\motioncontrol\clone\diacontrol_clone.cpp(2267): warning C4244: “=”: 从“float64”转换到“Int32”，可能丢失数据
     1>d:\work_space_1013_light\maniplattorextend\maniplattorextend\motioncontrol\clone\diacontrol_clone.cpp(2268): warning C4244: “=”: 从“float64”转换到“Int32”，可能丢失数据
     1>d:\work_space_1013_light\maniplattorextend\maniplattorextend\motioncontrol\clone\diacontrol_clone.cpp(2269): warning C4244: “=”: 从“float64”转换到“Int32”，可能丢失数据
     1>d:\work_space_1013_light\maniplattorextend\maniplattorextend\motioncontrol\clone\diacontrol_clone.cpp(2270): warning C4244: “=”: 从“float64”转换到“Int32”，可能丢失数据
     1>d:\work_space_1013_light\maniplattorextend\maniplattorextend\motioncontrol\clone\diacontrol_clone.cpp(2271): warning C4244: “=”: 从“float64”转换到“Int32”，可能丢失数据
     1>d:\work_space_1013_light\maniplattorextend\maniplattorextend\motioncontrol\clone\diacontrol_clone.cpp(2272): warning C4244: “=”: 从“float64”转换到“Int32”，可能丢失数据
     1>d:\work_space_1013_light\maniplattorextend\maniplattorextend\motioncontrol\clone\diacontrol_clone.cpp(2273): warning C4244: “=”: 从“float64”转换到“Int32”，可能丢失数据
     1>d:\work_space_1013_light\maniplattorextend\maniplattorextend\motioncontrol\clone\diacontrol_clone.cpp(2274): warning C4244: “=”: 从“float64”转换到“Int32”，可能丢失数据
     1>d:\work_space_1013_light\maniplattorextend\maniplattorextend\motioncontrol\clone\diacontrol_clone.cpp(2275): warning C4244: “=”: 从“float64”转换到“Int32”，可能丢失数据
     1>d:\work_space_1013_light\maniplattorextend\maniplattorextend\motioncontrol\clone\diacontrol_clone.cpp(2276): warning C4244: “=”: 从“float64”转换到“Int32”，可能丢失数据
     1>d:\work_space_1013_light\maniplattorextend\maniplattorextend\motioncontrol\clone\diacontrol_clone.cpp(2277): warning C4244: “=”: 从“float64”转换到“Int32”，可能丢失数据
     1>d:\work_space_1013_light\maniplattorextend\maniplattorextend\motioncontrol\clone\diacontrol_clone.cpp(2278): warning C4244: “=”: 从“float64”转换到“Int32”，可能丢失数据
     1>d:\work_space_1013_light\maniplattorextend\maniplattorextend\motioncontrol\clone\diacontrol_clone.cpp(2279): warning C4244: “=”: 从“float64”转换到“Int32”，可能丢失数据
     1>d:\work_space_1013_light\maniplattorextend\maniplattorextend\motioncontrol\clone\diacontrol_clone.cpp(2280): warning C4244: “=”: 从“float64”转换到“Int32”，可能丢失数据
     1>d:\work_space_1013_light\maniplattorextend\maniplattorextend\motioncontrol\clone\diacontrol_clone.cpp(2281): warning C4244: “=”: 从“float64”转换到“Int32”，可能丢失数据
     1>d:\work_space_1013_light\maniplattorextend\maniplattorextend\motioncontrol\clone\diacontrol_clone.cpp(2282): warning C4244: “=”: 从“float64”转换到“Int32”，可能丢失数据
     1>d:\work_space_1013_light\maniplattorextend\maniplattorextend\motioncontrol\clone\diacontrol_clone.cpp(2283): warning C4244: “=”: 从“float64”转换到“Int32”，可能丢失数据
     1>d:\work_space_1013_light\maniplattorextend\maniplattorextend\motioncontrol\clone\diacontrol_clone.cpp(2284): warning C4244: “=”: 从“float64”转换到“Int32”，可能丢失数据
     1>d:\work_space_1013_light\maniplattorextend\maniplattorextend\motioncontrol\clone\diacontrol_clone.cpp(2285): warning C4244: “=”: 从“float64”转换到“Int32”，可能丢失数据
     1>d:\work_space_1013_light\maniplattorextend\maniplattorextend\motioncontrol\clone\diacontrol_clone.cpp(2286): warning C4244: “=”: 从“float64”转换到“Int32”，可能丢失数据
     1>d:\work_space_1013_light\maniplattorextend\maniplattorextend\motioncontrol\clone\diacontrol_clone.cpp(2288): warning C4244: “=”: 从“float64”转换到“Int32”，可能丢失数据
     1>d:\work_space_1013_light\maniplattorextend\maniplattorextend\motioncontrol\clone\diacontrol_clone.cpp(2289): warning C4244: “=”: 从“float64”转换到“Int32”，可能丢失数据
     1>d:\work_space_1013_light\maniplattorextend\maniplattorextend\motioncontrol\clone\diacontrol_clone.cpp(2290): warning C4244: “=”: 从“float64”转换到“Int32”，可能丢失数据
     1>d:\work_space_1013_light\maniplattorextend\maniplattorextend\motioncontrol\clone\diacontrol_clone.cpp(2291): warning C4244: “=”: 从“float64”转换到“Int32”，可能丢失数据
     1>d:\work_space_1013_light\maniplattorextend\maniplattorextend\motioncontrol\clone\diacontrol_clone.cpp(2292): warning C4244: “=”: 从“float64”转换到“Int32”，可能丢失数据
     1>d:\work_space_1013_light\maniplattorextend\maniplattorextend\motioncontrol\clone\diacontrol_clone.cpp(2293): warning C4244: “=”: 从“float64”转换到“Int32”，可能丢失数据
     1>d:\work_space_1013_light\maniplattorextend\maniplattorextend\motioncontrol\clone\diacontrol_clone.cpp(2294): warning C4244: “=”: 从“float64”转换到“Int32”，可能丢失数据
     1>d:\work_space_1013_light\maniplattorextend\maniplattorextend\motioncontrol\clone\diacontrol_clone.cpp(2295): warning C4244: “=”: 从“float64”转换到“Int32”，可能丢失数据
     1>d:\work_space_1013_light\maniplattorextend\maniplattorextend\motioncontrol\clone\diacontrol_clone.cpp(2296): warning C4244: “=”: 从“float64”转换到“Int32”，可能丢失数据
     1>d:\work_space_1013_light\maniplattorextend\maniplattorextend\motioncontrol\clone\diacontrol_clone.cpp(2297): warning C4244: “=”: 从“float64”转换到“Int32”，可能丢失数据
     1>d:\work_space_1013_light\maniplattorextend\maniplattorextend\motioncontrol\clone\diacontrol_clone.cpp(2298): warning C4244: “=”: 从“float64”转换到“Int32”，可能丢失数据
     1>d:\work_space_1013_light\maniplattorextend\maniplattorextend\motioncontrol\clone\diacontrol_clone.cpp(2299): warning C4244: “=”: 从“float64”转换到“Int32”，可能丢失数据
     1>d:\work_space_1013_light\maniplattorextend\maniplattorextend\motioncontrol\clone\diacontrol_clone.cpp(2300): warning C4244: “=”: 从“float64”转换到“Int32”，可能丢失数据
     1>d:\work_space_1013_light\maniplattorextend\maniplattorextend\motioncontrol\clone\diacontrol_clone.cpp(2301): warning C4244: “=”: 从“float64”转换到“Int32”，可能丢失数据
     1>d:\work_space_1013_light\maniplattorextend\maniplattorextend\motioncontrol\clone\diacontrol_clone.cpp(2302): warning C4244: “=”: 从“float64”转换到“Int32”，可能丢失数据
     1>d:\work_space_1013_light\maniplattorextend\maniplattorextend\motioncontrol\clone\diacontrol_clone.cpp(2303): warning C4244: “=”: 从“float64”转换到“Int32”，可能丢失数据
     1>d:\work_space_1013_light\maniplattorextend\maniplattorextend\motioncontrol\clone\diacontrol_clone.cpp(2304): warning C4244: “=”: 从“float64”转换到“Int32”，可能丢失数据
     1>d:\work_space_1013_light\maniplattorextend\maniplattorextend\motioncontrol\clone\diacontrol_clone.cpp(2305): warning C4244: “=”: 从“float64”转换到“Int32”，可能丢失数据
     1>d:\work_space_1013_light\maniplattorextend\maniplattorextend\motioncontrol\clone\diacontrol_clone.cpp(2306): warning C4244: “=”: 从“float64”转换到“Int32”，可能丢失数据
     1>d:\work_space_1013_light\maniplattorextend\maniplattorextend\motioncontrol\clone\diacontrol_clone.cpp(2307): warning C4244: “=”: 从“float64”转换到“Int32”，可能丢失数据
     1>d:\work_space_1013_light\maniplattorextend\maniplattorextend\motioncontrol\clone\diacontrol_clone.cpp(2308): warning C4244: “=”: 从“float64”转换到“Int32”，可能丢失数据
     1>d:\work_space_1013_light\maniplattorextend\maniplattorextend\motioncontrol\clone\diacontrol_clone.cpp(2309): warning C4244: “=”: 从“float64”转换到“Int32”，可能丢失数据
     1>d:\work_space_1013_light\maniplattorextend\maniplattorextend\motioncontrol\clone\diacontrol_clone.cpp(2310): warning C4244: “=”: 从“float64”转换到“Int32”，可能丢失数据
     1>d:\work_space_1013_light\maniplattorextend\maniplattorextend\motioncontrol\clone\diacontrol_clone.cpp(2311): warning C4244: “=”: 从“float64”转换到“Int32”，可能丢失数据
     1>d:\work_space_1013_light\maniplattorextend\maniplattorextend\motioncontrol\clone\diacontrol_clone.cpp(2312): warning C4244: “=”: 从“float64”转换到“Int32”，可能丢失数据
     1>d:\work_space_1013_light\maniplattorextend\maniplattorextend\motioncontrol\clone\diacontrol_clone.cpp(1861): warning C4101: “temp”: 未引用的局部变量
     1>d:\work_space_1013_light\maniplattorextend\maniplattorextend\motioncontrol\clone\diacontrol_clone.cpp(2561): warning C4244: “=”: 从“float64”转换到“Int32”，可能丢失数据
     1>d:\work_space_1013_light\maniplattorextend\maniplattorextend\motioncontrol\clone\diacontrol_clone.cpp(2562): warning C4244: “=”: 从“float64”转换到“Int32”，可能丢失数据
     1>d:\work_space_1013_light\maniplattorextend\maniplattorextend\motioncontrol\clone\diacontrol_clone.cpp(2563): warning C4244: “=”: 从“float64”转换到“Int32”，可能丢失数据
     1>d:\work_space_1013_light\maniplattorextend\maniplattorextend\motioncontrol\clone\diacontrol_clone.cpp(2564): warning C4244: “=”: 从“float64”转换到“Int32”，可能丢失数据
     1>d:\work_space_1013_light\maniplattorextend\maniplattorextend\motioncontrol\clone\diacontrol_clone.cpp(2565): warning C4244: “=”: 从“float64”转换到“Int32”，可能丢失数据
     1>d:\work_space_1013_light\maniplattorextend\maniplattorextend\motioncontrol\clone\diacontrol_clone.cpp(2566): warning C4244: “=”: 从“float64”转换到“Int32”，可能丢失数据
     1>d:\work_space_1013_light\maniplattorextend\maniplattorextend\motioncontrol\clone\diacontrol_clone.cpp(2567): warning C4244: “=”: 从“float64”转换到“Int32”，可能丢失数据
     1>d:\work_space_1013_light\maniplattorextend\maniplattorextend\motioncontrol\clone\diacontrol_clone.cpp(2568): warning C4244: “=”: 从“float64”转换到“Int32”，可能丢失数据
     1>d:\work_space_1013_light\maniplattorextend\maniplattorextend\motioncontrol\clone\diacontrol_clone.cpp(2569): warning C4244: “=”: 从“float64”转换到“Int32”，可能丢失数据
     1>d:\work_space_1013_light\maniplattorextend\maniplattorextend\motioncontrol\clone\diacontrol_clone.cpp(2570): warning C4244: “=”: 从“float64”转换到“Int32”，可能丢失数据
     1>d:\work_space_1013_light\maniplattorextend\maniplattorextend\motioncontrol\clone\diacontrol_clone.cpp(2571): warning C4244: “=”: 从“float64”转换到“Int32”，可能丢失数据
     1>d:\work_space_1013_light\maniplattorextend\maniplattorextend\motioncontrol\clone\diacontrol_clone.cpp(2572): warning C4244: “=”: 从“float64”转换到“Int32”，可能丢失数据
     1>d:\work_space_1013_light\maniplattorextend\maniplattorextend\motioncontrol\clone\diacontrol_clone.cpp(2573): warning C4244: “=”: 从“float64”转换到“Int32”，可能丢失数据
     1>d:\work_space_1013_light\maniplattorextend\maniplattorextend\motioncontrol\clone\diacontrol_clone.cpp(2574): warning C4244: “=”: 从“float64”转换到“Int32”，可能丢失数据
     1>d:\work_space_1013_light\maniplattorextend\maniplattorextend\motioncontrol\clone\diacontrol_clone.cpp(2575): warning C4244: “=”: 从“float64”转换到“Int32”，可能丢失数据
     1>d:\work_space_1013_light\maniplattorextend\maniplattorextend\motioncontrol\clone\diacontrol_clone.cpp(2576): warning C4244: “=”: 从“float64”转换到“Int32”，可能丢失数据
     1>d:\work_space_1013_light\maniplattorextend\maniplattorextend\motioncontrol\clone\diacontrol_clone.cpp(2577): warning C4244: “=”: 从“float64”转换到“Int32”，可能丢失数据
     1>d:\work_space_1013_light\maniplattorextend\maniplattorextend\motioncontrol\clone\diacontrol_clone.cpp(2578): warning C4244: “=”: 从“float64”转换到“Int32”，可能丢失数据
     1>d:\work_space_1013_light\maniplattorextend\maniplattorextend\motioncontrol\clone\diacontrol_clone.cpp(2579): warning C4244: “=”: 从“float64”转换到“Int32”，可能丢失数据
     1>d:\work_space_1013_light\maniplattorextend\maniplattorextend\motioncontrol\clone\diacontrol_clone.cpp(2580): warning C4244: “=”: 从“float64”转换到“Int32”，可能丢失数据
     1>d:\work_space_1013_light\maniplattorextend\maniplattorextend\motioncontrol\clone\diacontrol_clone.cpp(2581): warning C4244: “=”: 从“float64”转换到“Int32”，可能丢失数据
     1>d:\work_space_1013_light\maniplattorextend\maniplattorextend\motioncontrol\clone\diacontrol_clone.cpp(2582): warning C4244: “=”: 从“float64”转换到“Int32”，可能丢失数据
     1>d:\work_space_1013_light\maniplattorextend\maniplattorextend\motioncontrol\clone\diacontrol_clone.cpp(2583): warning C4244: “=”: 从“float64”转换到“Int32”，可能丢失数据
     1>d:\work_space_1013_light\maniplattorextend\maniplattorextend\motioncontrol\clone\diacontrol_clone.cpp(2584): warning C4244: “=”: 从“float64”转换到“Int32”，可能丢失数据
     1>d:\work_space_1013_light\maniplattorextend\maniplattorextend\motioncontrol\clone\diacontrol_clone.cpp(2585): warning C4244: “=”: 从“float64”转换到“Int32”，可能丢失数据
     1>d:\work_space_1013_light\maniplattorextend\maniplattorextend\motioncontrol\clone\diacontrol_clone.cpp(2506): warning C4101: “temp”: 未引用的局部变量
     1>d:\work_space_1013_light\maniplattorextend\maniplattorextend\motioncontrol\clone\diacontrol_clone.cpp(2691): warning C4244: “=”: 从“float64”转换到“Int32”，可能丢失数据
     1>d:\work_space_1013_light\maniplattorextend\maniplattorextend\motioncontrol\clone\diacontrol_clone.cpp(2692): warning C4244: “=”: 从“float64”转换到“Int32”，可能丢失数据
     1>d:\work_space_1013_light\maniplattorextend\maniplattorextend\motioncontrol\clone\diacontrol_clone.cpp(2693): warning C4244: “=”: 从“float64”转换到“Int32”，可能丢失数据
     1>d:\work_space_1013_light\maniplattorextend\maniplattorextend\motioncontrol\clone\diacontrol_clone.cpp(2694): warning C4244: “=”: 从“float64”转换到“Int32”，可能丢失数据
     1>d:\work_space_1013_light\maniplattorextend\maniplattorextend\motioncontrol\clone\diacontrol_clone.cpp(2695): warning C4244: “=”: 从“float64”转换到“Int32”，可能丢失数据
     1>d:\work_space_1013_light\maniplattorextend\maniplattorextend\motioncontrol\clone\diacontrol_clone.cpp(2696): warning C4244: “=”: 从“float64”转换到“Int32”，可能丢失数据
     1>d:\work_space_1013_light\maniplattorextend\maniplattorextend\motioncontrol\clone\diacontrol_clone.cpp(2697): warning C4244: “=”: 从“float64”转换到“Int32”，可能丢失数据
     1>d:\work_space_1013_light\maniplattorextend\maniplattorextend\motioncontrol\clone\diacontrol_clone.cpp(2698): warning C4244: “=”: 从“float64”转换到“Int32”，可能丢失数据
     1>d:\work_space_1013_light\maniplattorextend\maniplattorextend\motioncontrol\clone\diacontrol_clone.cpp(2699): warning C4244: “=”: 从“float64”转换到“Int32”，可能丢失数据
     1>d:\work_space_1013_light\maniplattorextend\maniplattorextend\motioncontrol\clone\diacontrol_clone.cpp(2700): warning C4244: “=”: 从“float64”转换到“Int32”，可能丢失数据
     1>d:\work_space_1013_light\maniplattorextend\maniplattorextend\motioncontrol\clone\diacontrol_clone.cpp(2702): warning C4244: “=”: 从“float64”转换到“Int32”，可能丢失数据
     1>d:\work_space_1013_light\maniplattorextend\maniplattorextend\motioncontrol\clone\diacontrol_clone.cpp(2703): warning C4244: “=”: 从“float64”转换到“Int32”，可能丢失数据
     1>d:\work_space_1013_light\maniplattorextend\maniplattorextend\motioncontrol\clone\diacontrol_clone.cpp(2704): warning C4244: “=”: 从“float64”转换到“Int32”，可能丢失数据
     1>d:\work_space_1013_light\maniplattorextend\maniplattorextend\motioncontrol\clone\diacontrol_clone.cpp(2705): warning C4244: “=”: 从“float64”转换到“Int32”，可能丢失数据
     1>d:\work_space_1013_light\maniplattorextend\maniplattorextend\motioncontrol\clone\diacontrol_clone.cpp(2706): warning C4244: “=”: 从“float64”转换到“Int32”，可能丢失数据
     1>d:\work_space_1013_light\maniplattorextend\maniplattorextend\motioncontrol\clone\diacontrol_clone.cpp(2707): warning C4244: “=”: 从“float64”转换到“Int32”，可能丢失数据
     1>d:\work_space_1013_light\maniplattorextend\maniplattorextend\motioncontrol\clone\diacontrol_clone.cpp(2708): warning C4244: “=”: 从“float64”转换到“Int32”，可能丢失数据
     1>d:\work_space_1013_light\maniplattorextend\maniplattorextend\motioncontrol\clone\diacontrol_clone.cpp(2709): warning C4244: “=”: 从“float64”转换到“Int32”，可能丢失数据
     1>d:\work_space_1013_light\maniplattorextend\maniplattorextend\motioncontrol\clone\diacontrol_clone.cpp(2710): warning C4244: “=”: 从“float64”转换到“Int32”，可能丢失数据
     1>d:\work_space_1013_light\maniplattorextend\maniplattorextend\motioncontrol\clone\diacontrol_clone.cpp(2711): warning C4244: “=”: 从“float64”转换到“Int32”，可能丢失数据
     1>d:\work_space_1013_light\maniplattorextend\maniplattorextend\motioncontrol\clone\diacontrol_clone.cpp(2713): warning C4244: “=”: 从“float64”转换到“Int32”，可能丢失数据
     1>d:\work_space_1013_light\maniplattorextend\maniplattorextend\motioncontrol\clone\diacontrol_clone.cpp(2714): warning C4244: “=”: 从“float64”转换到“Int32”，可能丢失数据
     1>d:\work_space_1013_light\maniplattorextend\maniplattorextend\motioncontrol\clone\diacontrol_clone.cpp(2715): warning C4244: “=”: 从“float64”转换到“Int32”，可能丢失数据
     1>d:\work_space_1013_light\maniplattorextend\maniplattorextend\motioncontrol\clone\diacontrol_clone.cpp(2716): warning C4244: “=”: 从“float64”转换到“Int32”，可能丢失数据
     1>d:\work_space_1013_light\maniplattorextend\maniplattorextend\motioncontrol\clone\diacontrol_clone.cpp(2717): warning C4244: “=”: 从“float64”转换到“Int32”，可能丢失数据
     1>d:\work_space_1013_light\maniplattorextend\maniplattorextend\motioncontrol\clone\diacontrol_clone.cpp(2721): warning C4244: “=”: 从“double”转换到“Uint32”，可能丢失数据
     1>d:\work_space_1013_light\maniplattorextend\maniplattorextend\motioncontrol\clone\diacontrol_clone.cpp(2725): warning C4244: “=”: 从“double”转换到“Uint32”，可能丢失数据
     1>d:\work_space_1013_light\maniplattorextend\maniplattorextend\motioncontrol\clone\diacontrol_clone.cpp(2768): warning C4101: “temp”: 未引用的局部变量
     1>d:\work_space_1013_light\maniplattorextend\maniplattorextend\motioncontrol\clone\diacontrol_clone.cpp(4572): warning C4244: “=”: 从“double”转换到“Int32”，可能丢失数据
     1>d:\work_space_1013_light\maniplattorextend\maniplattorextend\motioncontrol\clone\diacontrol_clone.cpp(4573): warning C4244: “=”: 从“double”转换到“Int32”，可能丢失数据
     1>d:\work_space_1013_light\maniplattorextend\maniplattorextend\motioncontrol\clone\diacontrol_clone.cpp(4574): warning C4244: “=”: 从“double”转换到“Int32”，可能丢失数据
     1>d:\work_space_1013_light\maniplattorextend\maniplattorextend\motioncontrol\clone\diacontrol_clone.cpp(4575): warning C4244: “=”: 从“double”转换到“Int32”，可能丢失数据
     1>d:\work_space_1013_light\maniplattorextend\maniplattorextend\motioncontrol\clone\diacontrol_clone.cpp(4576): warning C4244: “=”: 从“double”转换到“Int32”，可能丢失数据
     1>d:\work_space_1013_light\maniplattorextend\maniplattorextend\motioncontrol\clone\diacontrol_clone.cpp(4577): warning C4244: “=”: 从“double”转换到“Int32”，可能丢失数据
     1>d:\work_space_1013_light\maniplattorextend\maniplattorextend\motioncontrol\clone\diacontrol_clone.cpp(4578): warning C4244: “=”: 从“double”转换到“Int32”，可能丢失数据
     1>d:\work_space_1013_light\maniplattorextend\maniplattorextend\motioncontrol\clone\diacontrol_clone.cpp(4579): warning C4244: “=”: 从“double”转换到“Int32”，可能丢失数据
     1>d:\work_space_1013_light\maniplattorextend\maniplattorextend\motioncontrol\clone\diacontrol_clone.cpp(4580): warning C4244: “=”: 从“double”转换到“Int32”，可能丢失数据
     1>d:\work_space_1013_light\maniplattorextend\maniplattorextend\motioncontrol\clone\diacontrol_clone.cpp(4581): warning C4244: “=”: 从“double”转换到“Int32”，可能丢失数据
     1>d:\work_space_1013_light\maniplattorextend\maniplattorextend\motioncontrol\clone\diacontrol_clone.cpp(4582): warning C4244: “=”: 从“double”转换到“Int32”，可能丢失数据
     1>d:\work_space_1013_light\maniplattorextend\maniplattorextend\motioncontrol\clone\diacontrol_clone.cpp(4583): warning C4244: “=”: 从“double”转换到“Int32”，可能丢失数据
     1>d:\work_space_1013_light\maniplattorextend\maniplattorextend\motioncontrol\clone\diacontrol_clone.cpp(4584): warning C4244: “=”: 从“double”转换到“Int32”，可能丢失数据
     1>d:\work_space_1013_light\maniplattorextend\maniplattorextend\motioncontrol\clone\diacontrol_clone.cpp(4585): warning C4244: “=”: 从“double”转换到“Int32”，可能丢失数据
     1>d:\work_space_1013_light\maniplattorextend\maniplattorextend\motioncontrol\clone\diacontrol_clone.cpp(4586): warning C4244: “=”: 从“double”转换到“Int32”，可能丢失数据
     1>d:\work_space_1013_light\maniplattorextend\maniplattorextend\motioncontrol\clone\diacontrol_clone.cpp(4587): warning C4244: “=”: 从“double”转换到“Int32”，可能丢失数据
     1>d:\work_space_1013_light\maniplattorextend\maniplattorextend\motioncontrol\clone\diacontrol_clone.cpp(4588): warning C4244: “=”: 从“double”转换到“Int32”，可能丢失数据
     1>d:\work_space_1013_light\maniplattorextend\maniplattorextend\motioncontrol\clone\diacontrol_clone.cpp(4589): warning C4244: “=”: 从“double”转换到“Int32”，可能丢失数据
     1>d:\work_space_1013_light\maniplattorextend\maniplattorextend\motioncontrol\clone\diacontrol_clone.cpp(4590): warning C4244: “=”: 从“double”转换到“Int32”，可能丢失数据
     1>d:\work_space_1013_light\maniplattorextend\maniplattorextend\motioncontrol\clone\diacontrol_clone.cpp(4591): warning C4244: “=”: 从“double”转换到“Int32”，可能丢失数据
     1>d:\work_space_1013_light\maniplattorextend\maniplattorextend\motioncontrol\clone\diacontrol_clone.cpp(4592): warning C4244: “=”: 从“double”转换到“Int32”，可能丢失数据
     1>d:\work_space_1013_light\maniplattorextend\maniplattorextend\motioncontrol\clone\diacontrol_clone.cpp(4593): warning C4244: “=”: 从“double”转换到“Int32”，可能丢失数据
     1>d:\work_space_1013_light\maniplattorextend\maniplattorextend\motioncontrol\clone\diacontrol_clone.cpp(4594): warning C4244: “=”: 从“double”转换到“Int32”，可能丢失数据
     1>d:\work_space_1013_light\maniplattorextend\maniplattorextend\motioncontrol\clone\diacontrol_clone.cpp(4595): warning C4244: “=”: 从“double”转换到“Int32”，可能丢失数据
     1>d:\work_space_1013_light\maniplattorextend\maniplattorextend\motioncontrol\clone\diacontrol_clone.cpp(4596): warning C4244: “=”: 从“double”转换到“Int32”，可能丢失数据
     1>d:\work_space_1013_light\maniplattorextend\maniplattorextend\motioncontrol\clone\diacontrol_clone.cpp(4717): warning C4101: “si”: 未引用的局部变量
     1>d:\work_space_1013_light\maniplattorextend\maniplattorextend\motioncontrol\clone\diacontrol_clone.cpp(5102): warning C4805: “==”: 在操作中将类型“Uint8”与类型“bool”混合不安全
     1>d:\work_space_1013_light\maniplattorextend\maniplattorextend\motioncontrol\clone\diacontrol_clone.cpp(5118): warning C4244: “=”: 从“double”转换到“Int32”，可能丢失数据
     1>d:\work_space_1013_light\maniplattorextend\maniplattorextend\motioncontrol\clone\diacontrol_clone.cpp(5122): warning C4244: “=”: 从“double”转换到“unsigned int”，可能丢失数据
     1>d:\work_space_1013_light\maniplattorextend\maniplattorextend\motioncontrol\clone\diacontrol_clone.cpp(5126): warning C4244: “=”: 从“double”转换到“unsigned int”，可能丢失数据
     1>d:\work_space_1013_light\maniplattorextend\maniplattorextend\motioncontrol\clone\diacontrol_clone.cpp(5131): warning C4805: “==”: 在操作中将类型“Uint16”与类型“bool”混合不安全
     1>d:\work_space_1013_light\maniplattorextend\maniplattorextend\motioncontrol\clone\diacontrol_clone.cpp(5137): warning C4805: “==”: 在操作中将类型“Uint8”与类型“bool”混合不安全
     1>d:\work_space_1013_light\maniplattorextend\maniplattorextend\motioncontrol\clone\diacontrol_clone.cpp(5142): warning C4805: “==”: 在操作中将类型“Uint8”与类型“bool”混合不安全
     1>d:\work_space_1013_light\maniplattorextend\maniplattorextend\motioncontrol\clone\diacontrol_clone.cpp(5147): warning C4805: “==”: 在操作中将类型“Uint8”与类型“bool”混合不安全
     1>d:\work_space_1013_light\maniplattorextend\maniplattorextend\motioncontrol\clone\diacontrol_clone.cpp(5168): warning C4805: “==”: 在操作中将类型“Uint8”与类型“bool”混合不安全
     1>d:\work_space_1013_light\maniplattorextend\maniplattorextend\motioncontrol\clone\diacontrol_clone.cpp(5173): warning C4805: “==”: 在操作中将类型“Uint8”与类型“bool”混合不安全
     1>d:\work_space_1013_light\maniplattorextend\maniplattorextend\motioncontrol\clone\diacontrol_clone.cpp(5178): warning C4805: “==”: 在操作中将类型“Uint8”与类型“bool”混合不安全
     1>d:\work_space_1013_light\maniplattorextend\maniplattorextend\motioncontrol\clone\diacontrol_clone.cpp(5183): warning C4805: “==”: 在操作中将类型“Uint8”与类型“bool”混合不安全
     1>d:\work_space_1013_light\maniplattorextend\maniplattorextend\motioncontrol\clone\diacontrol_clone.cpp(5294): warning C4805: “==”: 在操作中将类型“Uint16”与类型“bool”混合不安全
     1>d:\work_space_1013_light\maniplattorextend\maniplattorextend\motioncontrol\clone\diacontrol_clone.cpp(5322): warning C4018: “<=”: 有符号/无符号不匹配
     1>d:\work_space_1013_light\maniplattorextend\maniplattorextend\motioncontrol\clone\diacontrol_clone.cpp(5403): warning C4244: “=”: 从“float64”转换到“Int32”，可能丢失数据
     1>d:\work_space_1013_light\maniplattorextend\maniplattorextend\motioncontrol\clone\diacontrol_clone.cpp(5405): warning C4244: “=”: 从“float64”转换到“Int32”，可能丢失数据
     1>d:\work_space_1013_light\maniplattorextend\maniplattorextend\motioncontrol\clone\diacontrol_clone.cpp(5458): warning C4244: “=”: 从“float64”转换到“Int32”，可能丢失数据
     1>d:\work_space_1013_light\maniplattorextend\maniplattorextend\motioncontrol\clone\diacontrol_clone.cpp(5459): warning C4244: “=”: 从“float64”转换到“Int32”，可能丢失数据
     1>d:\work_space_1013_light\maniplattorextend\maniplattorextend\motioncontrol\clone\diacontrol_clone.cpp(5460): warning C4244: “=”: 从“float64”转换到“Int32”，可能丢失数据
     1>d:\work_space_1013_light\maniplattorextend\maniplattorextend\motioncontrol\clone\diacontrol_clone.cpp(5461): warning C4244: “=”: 从“float64”转换到“Int32”，可能丢失数据
     1>d:\work_space_1013_light\maniplattorextend\maniplattorextend\motioncontrol\clone\diacontrol_clone.cpp(5464): warning C4244: “=”: 从“float64”转换到“Int32”，可能丢失数据
     1>d:\work_space_1013_light\maniplattorextend\maniplattorextend\motioncontrol\clone\diacontrol_clone.cpp(5465): warning C4244: “=”: 从“float64”转换到“Int32”，可能丢失数据
     1>d:\work_space_1013_light\maniplattorextend\maniplattorextend\motioncontrol\clone\diacontrol_clone.cpp(5466): warning C4244: “=”: 从“float64”转换到“Int32”，可能丢失数据
     1>d:\work_space_1013_light\maniplattorextend\maniplattorextend\motioncontrol\clone\diacontrol_clone.cpp(5467): warning C4244: “=”: 从“float64”转换到“Int32”，可能丢失数据
     1>d:\work_space_1013_light\maniplattorextend\maniplattorextend\motioncontrol\clone\diacontrol_clone.cpp(5468): warning C4244: “=”: 从“float64”转换到“Int32”，可能丢失数据
     1>d:\work_space_1013_light\maniplattorextend\maniplattorextend\motioncontrol\clone\diacontrol_clone.cpp(5469): warning C4244: “=”: 从“float64”转换到“Int32”，可能丢失数据
     1>d:\work_space_1013_light\maniplattorextend\maniplattorextend\motioncontrol\clone\diacontrol_clone.cpp(5470): warning C4244: “=”: 从“float64”转换到“Int32”，可能丢失数据
     1>d:\work_space_1013_light\maniplattorextend\maniplattorextend\motioncontrol\clone\diacontrol_clone.cpp(5471): warning C4244: “=”: 从“float64”转换到“Int32”，可能丢失数据
     1>d:\work_space_1013_light\maniplattorextend\maniplattorextend\motioncontrol\clone\diacontrol_clone.cpp(5472): warning C4244: “=”: 从“float64”转换到“Int32”，可能丢失数据
     1>d:\work_space_1013_light\maniplattorextend\maniplattorextend\motioncontrol\clone\diacontrol_clone.cpp(5473): warning C4244: “=”: 从“float64”转换到“Int32”，可能丢失数据
     1>d:\work_space_1013_light\maniplattorextend\maniplattorextend\motioncontrol\clone\diacontrol_clone.cpp(5787): warning C4244: “=”: 从“float64”转换到“Int32”，可能丢失数据
     1>d:\work_space_1013_light\maniplattorextend\maniplattorextend\motioncontrol\clone\diacontrol_clone.cpp(5788): warning C4244: “=”: 从“float64”转换到“Int32”，可能丢失数据
     1>d:\work_space_1013_light\maniplattorextend\maniplattorextend\motioncontrol\clone\diacontrol_clone.cpp(5789): warning C4244: “=”: 从“float64”转换到“Int32”，可能丢失数据
     1>d:\work_space_1013_light\maniplattorextend\maniplattorextend\motioncontrol\clone\diacontrol_clone.cpp(5790): warning C4244: “=”: 从“float64”转换到“Int32”，可能丢失数据
     1>d:\work_space_1013_light\maniplattorextend\maniplattorextend\motioncontrol\clone\diacontrol_clone.cpp(5791): warning C4244: “=”: 从“float64”转换到“Int32”，可能丢失数据
     1>d:\work_space_1013_light\maniplattorextend\maniplattorextend\motioncontrol\clone\diacontrol_clone.cpp(5792): warning C4244: “=”: 从“float64”转换到“Int32”，可能丢失数据
     1>d:\work_space_1013_light\maniplattorextend\maniplattorextend\motioncontrol\clone\diacontrol_clone.cpp(5793): warning C4244: “=”: 从“float64”转换到“Int32”，可能丢失数据
     1>d:\work_space_1013_light\maniplattorextend\maniplattorextend\motioncontrol\clone\diacontrol_clone.cpp(5794): warning C4244: “=”: 从“float64”转换到“Int32”，可能丢失数据
     1>d:\work_space_1013_light\maniplattorextend\maniplattorextend\motioncontrol\clone\diacontrol_clone.cpp(5795): warning C4244: “=”: 从“float64”转换到“Int32”，可能丢失数据
     1>d:\work_space_1013_light\maniplattorextend\maniplattorextend\motioncontrol\clone\diacontrol_clone.cpp(5796): warning C4244: “=”: 从“float64”转换到“Int32”，可能丢失数据
     1>d:\work_space_1013_light\maniplattorextend\maniplattorextend\motioncontrol\clone\diacontrol_clone.cpp(5797): warning C4244: “=”: 从“float64”转换到“Int32”，可能丢失数据
     1>d:\work_space_1013_light\maniplattorextend\maniplattorextend\motioncontrol\clone\diacontrol_clone.cpp(5798): warning C4244: “=”: 从“float64”转换到“Int32”，可能丢失数据
     1>d:\work_space_1013_light\maniplattorextend\maniplattorextend\motioncontrol\clone\diacontrol_clone.cpp(5799): warning C4244: “=”: 从“float64”转换到“Int32”，可能丢失数据
     1>d:\work_space_1013_light\maniplattorextend\maniplattorextend\motioncontrol\clone\diacontrol_clone.cpp(5800): warning C4244: “=”: 从“float64”转换到“Int32”，可能丢失数据
     1>d:\work_space_1013_light\maniplattorextend\maniplattorextend\motioncontrol\clone\diacontrol_clone.cpp(5801): warning C4244: “=”: 从“float64”转换到“Int32”，可能丢失数据
     1>d:\work_space_1013_light\maniplattorextend\maniplattorextend\motioncontrol\clone\diacontrol_clone.cpp(5802): warning C4244: “=”: 从“float64”转换到“Int32”，可能丢失数据
     1>d:\work_space_1013_light\maniplattorextend\maniplattorextend\motioncontrol\clone\diacontrol_clone.cpp(5803): warning C4244: “=”: 从“float64”转换到“Int32”，可能丢失数据
     1>d:\work_space_1013_light\maniplattorextend\maniplattorextend\motioncontrol\clone\diacontrol_clone.cpp(5804): warning C4244: “=”: 从“float64”转换到“Int32”，可能丢失数据
     1>d:\work_space_1013_light\maniplattorextend\maniplattorextend\motioncontrol\clone\diacontrol_clone.cpp(5805): warning C4244: “=”: 从“float64”转换到“Int32”，可能丢失数据
     1>d:\work_space_1013_light\maniplattorextend\maniplattorextend\motioncontrol\clone\diacontrol_clone.cpp(5806): warning C4244: “=”: 从“float64”转换到“Int32”，可能丢失数据
     1>d:\work_space_1013_light\maniplattorextend\maniplattorextend\motioncontrol\clone\diacontrol_clone.cpp(5807): warning C4244: “=”: 从“float64”转换到“Int32”，可能丢失数据
     1>d:\work_space_1013_light\maniplattorextend\maniplattorextend\motioncontrol\clone\diacontrol_clone.cpp(5808): warning C4244: “=”: 从“float64”转换到“Int32”，可能丢失数据
     1>d:\work_space_1013_light\maniplattorextend\maniplattorextend\motioncontrol\clone\diacontrol_clone.cpp(5809): warning C4244: “=”: 从“float64”转换到“Int32”，可能丢失数据
     1>d:\work_space_1013_light\maniplattorextend\maniplattorextend\motioncontrol\clone\diacontrol_clone.cpp(5810): warning C4244: “=”: 从“float64”转换到“Int32”，可能丢失数据
     1>d:\work_space_1013_light\maniplattorextend\maniplattorextend\motioncontrol\clone\diacontrol_clone.cpp(5811): warning C4244: “=”: 从“float64”转换到“Int32”，可能丢失数据
     1>d:\work_space_1013_light\maniplattorextend\maniplattorextend\motioncontrol\clone\diacontrol_clone.cpp(5813): warning C4244: “=”: 从“float64”转换到“Int32”，可能丢失数据
     1>d:\work_space_1013_light\maniplattorextend\maniplattorextend\motioncontrol\clone\diacontrol_clone.cpp(5814): warning C4244: “=”: 从“float64”转换到“Int32”，可能丢失数据
     1>d:\work_space_1013_light\maniplattorextend\maniplattorextend\motioncontrol\clone\diacontrol_clone.cpp(5815): warning C4244: “=”: 从“float64”转换到“Int32”，可能丢失数据
     1>d:\work_space_1013_light\maniplattorextend\maniplattorextend\motioncontrol\clone\diacontrol_clone.cpp(5816): warning C4244: “=”: 从“float64”转换到“Int32”，可能丢失数据
     1>d:\work_space_1013_light\maniplattorextend\maniplattorextend\motioncontrol\clone\diacontrol_clone.cpp(5817): warning C4244: “=”: 从“float64”转换到“Int32”，可能丢失数据
     1>d:\work_space_1013_light\maniplattorextend\maniplattorextend\motioncontrol\clone\diacontrol_clone.cpp(5818): warning C4244: “=”: 从“float64”转换到“Int32”，可能丢失数据
     1>d:\work_space_1013_light\maniplattorextend\maniplattorextend\motioncontrol\clone\diacontrol_clone.cpp(5819): warning C4244: “=”: 从“float64”转换到“Int32”，可能丢失数据
     1>d:\work_space_1013_light\maniplattorextend\maniplattorextend\motioncontrol\clone\diacontrol_clone.cpp(5820): warning C4244: “=”: 从“float64”转换到“Int32”，可能丢失数据
     1>d:\work_space_1013_light\maniplattorextend\maniplattorextend\motioncontrol\clone\diacontrol_clone.cpp(5821): warning C4244: “=”: 从“float64”转换到“Int32”，可能丢失数据
     1>d:\work_space_1013_light\maniplattorextend\maniplattorextend\motioncontrol\clone\diacontrol_clone.cpp(5822): warning C4244: “=”: 从“float64”转换到“Int32”，可能丢失数据
     1>d:\work_space_1013_light\maniplattorextend\maniplattorextend\motioncontrol\clone\diacontrol_clone.cpp(5823): warning C4244: “=”: 从“float64”转换到“Int32”，可能丢失数据
     1>d:\work_space_1013_light\maniplattorextend\maniplattorextend\motioncontrol\clone\diacontrol_clone.cpp(5824): warning C4244: “=”: 从“float64”转换到“Int32”，可能丢失数据
     1>d:\work_space_1013_light\maniplattorextend\maniplattorextend\motioncontrol\clone\diacontrol_clone.cpp(5825): warning C4244: “=”: 从“float64”转换到“Int32”，可能丢失数据
     1>d:\work_space_1013_light\maniplattorextend\maniplattorextend\motioncontrol\clone\diacontrol_clone.cpp(5826): warning C4244: “=”: 从“float64”转换到“Int32”，可能丢失数据
     1>d:\work_space_1013_light\maniplattorextend\maniplattorextend\motioncontrol\clone\diacontrol_clone.cpp(5827): warning C4244: “=”: 从“float64”转换到“Int32”，可能丢失数据
     1>d:\work_space_1013_light\maniplattorextend\maniplattorextend\motioncontrol\clone\diacontrol_clone.cpp(5828): warning C4244: “=”: 从“float64”转换到“Int32”，可能丢失数据
     1>d:\work_space_1013_light\maniplattorextend\maniplattorextend\motioncontrol\clone\diacontrol_clone.cpp(5829): warning C4244: “=”: 从“float64”转换到“Int32”，可能丢失数据
     1>d:\work_space_1013_light\maniplattorextend\maniplattorextend\motioncontrol\clone\diacontrol_clone.cpp(5830): warning C4244: “=”: 从“float64”转换到“Int32”，可能丢失数据
     1>d:\work_space_1013_light\maniplattorextend\maniplattorextend\motioncontrol\clone\diacontrol_clone.cpp(5831): warning C4244: “=”: 从“float64”转换到“Int32”，可能丢失数据
     1>d:\work_space_1013_light\maniplattorextend\maniplattorextend\motioncontrol\clone\diacontrol_clone.cpp(5832): warning C4244: “=”: 从“float64”转换到“Int32”，可能丢失数据
     1>d:\work_space_1013_light\maniplattorextend\maniplattorextend\motioncontrol\clone\diacontrol_clone.cpp(5833): warning C4244: “=”: 从“float64”转换到“Int32”，可能丢失数据
     1>d:\work_space_1013_light\maniplattorextend\maniplattorextend\motioncontrol\clone\diacontrol_clone.cpp(5834): warning C4244: “=”: 从“float64”转换到“Int32”，可能丢失数据
     1>d:\work_space_1013_light\maniplattorextend\maniplattorextend\motioncontrol\clone\diacontrol_clone.cpp(5835): warning C4244: “=”: 从“float64”转换到“Int32”，可能丢失数据
     1>d:\work_space_1013_light\maniplattorextend\maniplattorextend\motioncontrol\clone\diacontrol_clone.cpp(5836): warning C4244: “=”: 从“float64”转换到“Int32”，可能丢失数据
     1>d:\work_space_1013_light\maniplattorextend\maniplattorextend\motioncontrol\clone\diacontrol_clone.cpp(5837): warning C4244: “=”: 从“float64”转换到“Int32”，可能丢失数据
     1>d:\work_space_1013_light\maniplattorextend\maniplattorextend\motioncontrol\clone\diacontrol_clone.cpp(6188): warning C4244: “=”: 从“float64”转换到“Int32”，可能丢失数据
     1>d:\work_space_1013_light\maniplattorextend\maniplattorextend\motioncontrol\clone\diacontrol_clone.cpp(6189): warning C4244: “=”: 从“float64”转换到“Int32”，可能丢失数据
     1>d:\work_space_1013_light\maniplattorextend\maniplattorextend\motioncontrol\clone\diacontrol_clone.cpp(6190): warning C4244: “=”: 从“float64”转换到“Int32”，可能丢失数据
     1>d:\work_space_1013_light\maniplattorextend\maniplattorextend\motioncontrol\clone\diacontrol_clone.cpp(6191): warning C4244: “=”: 从“float64”转换到“Int32”，可能丢失数据
     1>d:\work_space_1013_light\maniplattorextend\maniplattorextend\motioncontrol\clone\diacontrol_clone.cpp(6192): warning C4244: “=”: 从“float64”转换到“Int32”，可能丢失数据
     1>d:\work_space_1013_light\maniplattorextend\maniplattorextend\motioncontrol\clone\diacontrol_clone.cpp(6193): warning C4244: “=”: 从“float64”转换到“Int32”，可能丢失数据
     1>d:\work_space_1013_light\maniplattorextend\maniplattorextend\motioncontrol\clone\diacontrol_clone.cpp(6194): warning C4244: “=”: 从“float64”转换到“Int32”，可能丢失数据
     1>d:\work_space_1013_light\maniplattorextend\maniplattorextend\motioncontrol\clone\diacontrol_clone.cpp(6195): warning C4244: “=”: 从“float64”转换到“Int32”，可能丢失数据
     1>d:\work_space_1013_light\maniplattorextend\maniplattorextend\motioncontrol\clone\diacontrol_clone.cpp(6196): warning C4244: “=”: 从“float64”转换到“Int32”，可能丢失数据
     1>d:\work_space_1013_light\maniplattorextend\maniplattorextend\motioncontrol\clone\diacontrol_clone.cpp(6197): warning C4244: “=”: 从“float64”转换到“Int32”，可能丢失数据
     1>d:\work_space_1013_light\maniplattorextend\maniplattorextend\motioncontrol\clone\diacontrol_clone.cpp(6198): warning C4244: “=”: 从“float64”转换到“Int32”，可能丢失数据
     1>d:\work_space_1013_light\maniplattorextend\maniplattorextend\motioncontrol\clone\diacontrol_clone.cpp(6199): warning C4244: “=”: 从“float64”转换到“Int32”，可能丢失数据
     1>d:\work_space_1013_light\maniplattorextend\maniplattorextend\motioncontrol\clone\diacontrol_clone.cpp(6200): warning C4244: “=”: 从“float64”转换到“Int32”，可能丢失数据
     1>d:\work_space_1013_light\maniplattorextend\maniplattorextend\motioncontrol\clone\diacontrol_clone.cpp(6201): warning C4244: “=”: 从“float64”转换到“Int32”，可能丢失数据
     1>d:\work_space_1013_light\maniplattorextend\maniplattorextend\motioncontrol\clone\diacontrol_clone.cpp(6202): warning C4244: “=”: 从“float64”转换到“Int32”，可能丢失数据
     1>d:\work_space_1013_light\maniplattorextend\maniplattorextend\motioncontrol\clone\diacontrol_clone.cpp(6203): warning C4244: “=”: 从“float64”转换到“Int32”，可能丢失数据
     1>d:\work_space_1013_light\maniplattorextend\maniplattorextend\motioncontrol\clone\diacontrol_clone.cpp(6204): warning C4244: “=”: 从“float64”转换到“Int32”，可能丢失数据
     1>d:\work_space_1013_light\maniplattorextend\maniplattorextend\motioncontrol\clone\diacontrol_clone.cpp(6205): warning C4244: “=”: 从“float64”转换到“Int32”，可能丢失数据
     1>d:\work_space_1013_light\maniplattorextend\maniplattorextend\motioncontrol\clone\diacontrol_clone.cpp(6206): warning C4244: “=”: 从“float64”转换到“Int32”，可能丢失数据
     1>d:\work_space_1013_light\maniplattorextend\maniplattorextend\motioncontrol\clone\diacontrol_clone.cpp(6207): warning C4244: “=”: 从“float64”转换到“Int32”，可能丢失数据
     1>d:\work_space_1013_light\maniplattorextend\maniplattorextend\motioncontrol\clone\diacontrol_clone.cpp(6208): warning C4244: “=”: 从“float64”转换到“Int32”，可能丢失数据
     1>d:\work_space_1013_light\maniplattorextend\maniplattorextend\motioncontrol\clone\diacontrol_clone.cpp(6209): warning C4244: “=”: 从“float64”转换到“Int32”，可能丢失数据
     1>d:\work_space_1013_light\maniplattorextend\maniplattorextend\motioncontrol\clone\diacontrol_clone.cpp(6210): warning C4244: “=”: 从“float64”转换到“Int32”，可能丢失数据
     1>d:\work_space_1013_light\maniplattorextend\maniplattorextend\motioncontrol\clone\diacontrol_clone.cpp(6211): warning C4244: “=”: 从“float64”转换到“Int32”，可能丢失数据
     1>d:\work_space_1013_light\maniplattorextend\maniplattorextend\motioncontrol\clone\diacontrol_clone.cpp(6212): warning C4244: “=”: 从“float64”转换到“Int32”，可能丢失数据
     1>d:\work_space_1013_light\maniplattorextend\maniplattorextend\motioncontrol\clone\diacontrol_clone.cpp(6110): warning C4101: “temp”: 未引用的局部变量
     1>d:\work_space_1013_light\maniplattorextend\maniplattorextend\motioncontrol\clone\diacontrol_clone.cpp(6288): warning C4805: “==”: 在操作中将类型“Uint16”与类型“bool”混合不安全
     1>d:\work_space_1013_light\maniplattorextend\maniplattorextend\motioncontrol\clone\diacontrol_clone.cpp(6707): warning C4805: “==”: 在操作中将类型“Uint16”与类型“bool”混合不安全
     1>d:\work_space_1013_light\maniplattorextend\maniplattorextend\motioncontrol\clone\diacontrol_clone.cpp(6817): warning C4101: “data32”: 未引用的局部变量
     1>d:\work_space_1013_light\maniplattorextend\maniplattorextend\motioncontrol\clone\diacontrol_clone.cpp(6812): warning C4101: “zvalue”: 未引用的局部变量
     1>d:\work_space_1013_light\maniplattorextend\maniplattorextend\motioncontrol\clone\diacontrol_clone.cpp(6812): warning C4101: “xvalue”: 未引用的局部变量
     1>d:\work_space_1013_light\maniplattorextend\maniplattorextend\motioncontrol\clone\diacontrol_clone.cpp(6816): warning C4101: “i”: 未引用的局部变量
     1>d:\work_space_1013_light\maniplattorextend\maniplattorextend\motioncontrol\clone\diacontrol_clone.cpp(6812): warning C4101: “yvalue”: 未引用的局部变量
         maniplattorExtend.cpp
         正在生成代码...
     1>d:\work_space_1013_light\maniplattorextend\maniplattorextend\motioncontrol\clone\diacontrol_clone.cpp(805): warning C4715: “ParaCheckLinearCompensation”: 不是所有的控件路径都返回值
     1>d:\work_space_1013_light\maniplattorextend\maniplattorextend\motioncontrol\udp_export.cpp(296): warning C4715: “UDP_SendData”: 不是所有的控件路径都返回值
       Link:
         C:\Program Files (x86)\Microsoft Visual Studio 12.0\VC\bin\link.exe /ERRORREPORT:PROMPT /OUT:"D:\work_space_1013_light\maniplattorExtend\Debug\maniplattorExtend.exe" /INCREMENTAL /NOLOGO /MANIFEST /MANIFESTUAC:"level='asInvoker' uiAccess='false'" /manifest:embed /manifestinput:"C:\Program Files (x86)\Microsoft Visual Studio 12.0\VC\Include\Manifest\dpiaware.manifest" /DEBUG /PDB:"D:\work_space_1013_light\maniplattorExtend\Debug\maniplattorExtend.pdb" /SUBSYSTEM:CONSOLE /TLBID:1 /DYNAMICBASE /NXCOMPAT /IMPLIB:"D:\work_space_1013_light\maniplattorExtend\Debug\maniplattorExtend.lib" /MACHINE:X86 Debug\maniplattorExtend.obj
         Debug\DIAControl_Clone.obj
         Debug\UDP_Export.obj
         Debug\stdafx.obj
         maniplattorExtend.vcxproj -> D:\work_space_1013_light\maniplattorExtend\Debug\maniplattorExtend.exe
     1>已完成生成项目“D:\work_space_1013_light\maniplattorExtend\maniplattorExtend\maniplattorExtend.vcxproj”(Rebuild 个目标)的操作。

生成成功。

已用时间 00:00:04.88
